C:\Work\AutoAssessment\codelyzer\vera\examples\mergesort.c:66: Uninitialized identifier 'pm' of type type*.
C:\Work\AutoAssessment\codelyzer\vera\examples\mergesort.c:66: Pointer's '*' does not have a single whitespace before identifier, 'type ,* pm' instead of 'type , *pm'.
C:\Work\AutoAssessment\codelyzer\vera\examples\mergesort.c:66: Pointer's '*' not next to the pointer's type 'type ,* pm' instead of 'type , *pm'.
C:\Work\AutoAssessment\codelyzer\vera\examples\mergesort.c:66: Uninitialized identifier 'pk' of type type*.
C:\Work\AutoAssessment\codelyzer\vera\examples\mergesort.c:66: Pointer's '*' does not have a single whitespace before identifier, 'type ,* pk' instead of 'type , *pk'.
C:\Work\AutoAssessment\codelyzer\vera\examples\mergesort.c:66: Pointer's '*' not next to the pointer's type 'type ,* pk' instead of 'type , *pk'.
C:\Work\AutoAssessment\codelyzer\vera\examples\mergesort.c:66: Uninitialized identifier 'pj' of type type*.
C:\Work\AutoAssessment\codelyzer\vera\examples\mergesort.c:66: Pointer's '*' does not have a single whitespace before identifier, 'type ,* pj' instead of 'type , *pj'.
C:\Work\AutoAssessment\codelyzer\vera\examples\mergesort.c:66: Pointer's '*' not next to the pointer's type 'type ,* pj' instead of 'type , *pj'.
C:\Work\AutoAssessment\codelyzer\vera\examples\mergesort.c:66: Uninitialized identifier 'pi' of type type*.
C:\Work\AutoAssessment\codelyzer\vera\examples\mergesort.c:66: Pointer's '*' does not have a single whitespace before identifier, 'type ,* pi' instead of 'type , *pi'.
C:\Work\AutoAssessment\codelyzer\vera\examples\mergesort.c:66: Pointer's '*' not next to the pointer's type 'type ,* pi' instead of 'type , *pi'.
C:\Work\AutoAssessment\codelyzer\vera\examples\mergesort.c:66: Uninitialized identifier 'vp' of type type.
C:\Work\AutoAssessment\codelyzer\vera\examples\mergesort.c:66: Bad line indentation, expected to start with 1 tab(s).
C:\Work\AutoAssessment\codelyzer\vera\examples\mergesort.c:68: Curly bracket tab indentation incorrect, found 35 characters but expected 1 tabs.
C:\Work\AutoAssessment\codelyzer\vera\examples\mergesort.c:70: Bad line indentation, expected to start with 2 tab(s).
C:\Work\AutoAssessment\codelyzer\vera\examples\mergesort.c:71: Bad line indentation, expected to start with 2 tab(s).
C:\Work\AutoAssessment\codelyzer\vera\examples\mergesort.c:72: Bad line indentation, expected to start with 2 tab(s).
C:\Work\AutoAssessment\codelyzer\vera\examples\mergesort.c:73: For loops must have all three loop arguments present.
C:\Work\AutoAssessment\codelyzer\vera\examples\mergesort.c:73: Curly bracket tab indentation incorrect, found 41 characters but expected 2 tabs.
C:\Work\AutoAssessment\codelyzer\vera\examples\mergesort.c:74: Bad line indentation, expected to start with 3 tab(s).
C:\Work\AutoAssessment\codelyzer\vera\examples\mergesort.c:75: Closing curly bracket not in the same line or column, or brackets are not both indented with tabs.
C:\Work\AutoAssessment\codelyzer\vera\examples\mergesort.c:79: Curly bracket tab indentation incorrect, found 35 characters but expected 2 tabs.
C:\Work\AutoAssessment\codelyzer\vera\examples\mergesort.c:80: Curly bracket tab indentation incorrect, found 37 characters but expected 3 tabs.
C:\Work\AutoAssessment\codelyzer\vera\examples\mergesort.c:80: Bad line indentation, expected to start with 2 tab(s).
C:\Work\AutoAssessment\codelyzer\vera\examples\mergesort.c:81: Bad line indentation, expected to start with 4 tab(s).
C:\Work\AutoAssessment\codelyzer\vera\examples\mergesort.c:81: Bad line indentation, expected to start with 2 tab(s).
C:\Work\AutoAssessment\codelyzer\vera\examples\mergesort.c:82: Closing curly bracket not in the same line or column, or brackets are not both indented with tabs.
C:\Work\AutoAssessment\codelyzer\vera\examples\mergesort.c:82: Bad line indentation, expected to start with 2 tab(s).
C:\Work\AutoAssessment\codelyzer\vera\examples\mergesort.c:83: Curly bracket tab indentation incorrect, found 17 characters but expected 3 tabs.
C:\Work\AutoAssessment\codelyzer\vera\examples\mergesort.c:83: Bad line indentation, expected to start with 2 tab(s).
C:\Work\AutoAssessment\codelyzer\vera\examples\mergesort.c:84: Bad line indentation, expected to start with 4 tab(s).
C:\Work\AutoAssessment\codelyzer\vera\examples\mergesort.c:84: Bad line indentation, expected to start with 2 tab(s).
C:\Work\AutoAssessment\codelyzer\vera\examples\mergesort.c:85: Closing curly bracket not in the same line or column, or brackets are not both indented with tabs.
C:\Work\AutoAssessment\codelyzer\vera\examples\mergesort.c:85: Bad line indentation, expected to start with 2 tab(s).
C:\Work\AutoAssessment\codelyzer\vera\examples\mergesort.c:86: Closing curly bracket not in the same line or column, or brackets are not both indented with tabs.
C:\Work\AutoAssessment\codelyzer\vera\examples\mergesort.c:87: Curly bracket tab indentation incorrect, found 23 characters but expected 2 tabs.
C:\Work\AutoAssessment\codelyzer\vera\examples\mergesort.c:88: Bad line indentation, expected to start with 3 tab(s).
C:\Work\AutoAssessment\codelyzer\vera\examples\mergesort.c:89: Closing curly bracket not in the same line or column, or brackets are not both indented with tabs.
C:\Work\AutoAssessment\codelyzer\vera\examples\mergesort.c:90: Closing curly bracket not in the same line or column, or brackets are not both indented with tabs.
C:\Work\AutoAssessment\codelyzer\vera\examples\mergesort.c:91: Curly bracket tab indentation incorrect, found 9 characters but expected 1 tabs.
C:\Work\AutoAssessment\codelyzer\vera\examples\mergesort.c:93: Curly bracket tab indentation incorrect, found 41 characters but expected 2 tabs.
C:\Work\AutoAssessment\codelyzer\vera\examples\mergesort.c:94: Bad line indentation, expected to start with 3 tab(s).
C:\Work\AutoAssessment\codelyzer\vera\examples\mergesort.c:95: Bad line indentation, expected to start with 3 tab(s).
C:\Work\AutoAssessment\codelyzer\vera\examples\mergesort.c:96: Bad line indentation, expected to start with 3 tab(s).
C:\Work\AutoAssessment\codelyzer\vera\examples\mergesort.c:97: Curly bracket tab indentation incorrect, found 50 characters but expected 3 tabs.
C:\Work\AutoAssessment\codelyzer\vera\examples\mergesort.c:98: Bad line indentation, expected to start with 4 tab(s).
C:\Work\AutoAssessment\codelyzer\vera\examples\mergesort.c:99: Closing curly bracket not in the same line or column, or brackets are not both indented with tabs.
C:\Work\AutoAssessment\codelyzer\vera\examples\mergesort.c:100: Bad line indentation, expected to start with 3 tab(s).
C:\Work\AutoAssessment\codelyzer\vera\examples\mergesort.c:101: Closing curly bracket not in the same line or column, or brackets are not both indented with tabs.
C:\Work\AutoAssessment\codelyzer\vera\examples\mergesort.c:102: Closing curly bracket not in the same line or column, or brackets are not both indented with tabs.
C:\Work\AutoAssessment\codelyzer\vera\examples\mergesort.c:109: Uninitialized identifier 'pw' of type type*.
C:\Work\AutoAssessment\codelyzer\vera\examples\mergesort.c:109: Pointer's '*' does not have a single whitespace before identifier, 'type ,* pw' instead of 'type , *pw'.
C:\Work\AutoAssessment\codelyzer\vera\examples\mergesort.c:109: Pointer's '*' not next to the pointer's type 'type ,* pw' instead of 'type , *pw'.
C:\Work\AutoAssessment\codelyzer\vera\examples\mergesort.c:109: Uninitialized identifier 'pr' of type type*.
C:\Work\AutoAssessment\codelyzer\vera\examples\mergesort.c:109: Pointer's '*' does not have a single whitespace before identifier, 'type ,* pr' instead of 'type , *pr'.
C:\Work\AutoAssessment\codelyzer\vera\examples\mergesort.c:109: Pointer's '*' not next to the pointer's type 'type ,* pr' instead of 'type , *pr'.
C:\Work\AutoAssessment\codelyzer\vera\examples\mergesort.c:109: Uninitialized identifier 'pl' of type type.
C:\Work\AutoAssessment\codelyzer\vera\examples\mergesort.c:109: Bad line indentation, expected to start with 1 tab(s).
C:\Work\AutoAssessment\codelyzer\vera\examples\mergesort.c:109: Bad line indentation, expected to start with 0 tab(s).
C:\Work\AutoAssessment\codelyzer\vera\examples\mergesort.c:111: Bad line indentation, expected to start with 1 tab(s).
C:\Work\AutoAssessment\codelyzer\vera\examples\mergesort.c:111: Bad line indentation, expected to start with 0 tab(s).
C:\Work\AutoAssessment\codelyzer\vera\examples\mergesort.c:112: Bad line indentation, expected to start with 1 tab(s).
C:\Work\AutoAssessment\codelyzer\vera\examples\mergesort.c:112: Bad line indentation, expected to start with 0 tab(s).
C:\Work\AutoAssessment\codelyzer\vera\examples\mergesort.c:113: Malloc lacks a pointer cast.
C:\Work\AutoAssessment\codelyzer\vera\examples\mergesort.c:113: Bad line indentation, expected to start with 1 tab(s).
C:\Work\AutoAssessment\codelyzer\vera\examples\mergesort.c:113: Bad line indentation, expected to start with 0 tab(s).
C:\Work\AutoAssessment\codelyzer\vera\examples\mergesort.c:114: Curly bracket tab indentation incorrect, found 20 characters but expected 1 tabs.
C:\Work\AutoAssessment\codelyzer\vera\examples\mergesort.c:114: Bad line indentation, expected to start with 0 tab(s).
C:\Work\AutoAssessment\codelyzer\vera\examples\mergesort.c:115: Bad line indentation, expected to start with 2 tab(s).
C:\Work\AutoAssessment\codelyzer\vera\examples\mergesort.c:115: Bad line indentation, expected to start with 0 tab(s).
C:\Work\AutoAssessment\codelyzer\vera\examples\mergesort.c:116: Closing curly bracket not in the same line or column, or brackets are not both indented with tabs.
C:\Work\AutoAssessment\codelyzer\vera\examples\mergesort.c:116: Bad line indentation, expected to start with 0 tab(s).
C:\Work\AutoAssessment\codelyzer\vera\examples\mergesort.c:117: Bad line indentation, expected to start with 1 tab(s).
C:\Work\AutoAssessment\codelyzer\vera\examples\mergesort.c:117: Bad line indentation, expected to start with 0 tab(s).
C:\Work\AutoAssessment\codelyzer\vera\examples\mergesort.c:119: Bad line indentation, expected to start with 1 tab(s).
C:\Work\AutoAssessment\codelyzer\vera\examples\mergesort.c:119: Bad line indentation, expected to start with 0 tab(s).
C:\Work\AutoAssessment\codelyzer\vera\examples\mergesort.c:120: Only one 'return' token should be used in a function. Found another in line:115
C:\Work\AutoAssessment\codelyzer\vera\examples\mergesort.c:120: Bad line indentation, expected to start with 1 tab(s).
C:\Work\AutoAssessment\codelyzer\vera\examples\mergesort.c:120: Bad line indentation, expected to start with 0 tab(s).
C:\Work\AutoAssessment\codelyzer\vera\examples\mergesort.c:127: Uninitialized identifier 'vp' of type type.
C:\Work\AutoAssessment\codelyzer\vera\examples\mergesort.c:127: Bad line indentation, expected to start with 1 tab(s).
C:\Work\AutoAssessment\codelyzer\vera\examples\mergesort.c:127: Bad line indentation, expected to start with 0 tab(s).
C:\Work\AutoAssessment\codelyzer\vera\examples\mergesort.c:128: Uninitialized identifier 'pm' of type npy_intp*.
C:\Work\AutoAssessment\codelyzer\vera\examples\mergesort.c:128: Pointer's '*' does not have a single whitespace before identifier, 'npy_intp ,* pm' instead of 'npy_intp , *pm'.
C:\Work\AutoAssessment\codelyzer\vera\examples\mergesort.c:128: Pointer's '*' not next to the pointer's type 'npy_intp ,* pm' instead of 'npy_intp , *pm'.
C:\Work\AutoAssessment\codelyzer\vera\examples\mergesort.c:128: Uninitialized identifier 'pk' of type npy_intp*.
C:\Work\AutoAssessment\codelyzer\vera\examples\mergesort.c:128: Pointer's '*' does not have a single whitespace before identifier, 'npy_intp ,* pk' instead of 'npy_intp , *pk'.
C:\Work\AutoAssessment\codelyzer\vera\examples\mergesort.c:128: Pointer's '*' not next to the pointer's type 'npy_intp ,* pk' instead of 'npy_intp , *pk'.
C:\Work\AutoAssessment\codelyzer\vera\examples\mergesort.c:128: Uninitialized identifier 'pj' of type npy_intp*.
C:\Work\AutoAssessment\codelyzer\vera\examples\mergesort.c:128: Pointer's '*' does not have a single whitespace before identifier, 'npy_intp ,* pj' instead of 'npy_intp , *pj'.
C:\Work\AutoAssessment\codelyzer\vera\examples\mergesort.c:128: Pointer's '*' not next to the pointer's type 'npy_intp ,* pj' instead of 'npy_intp , *pj'.
C:\Work\AutoAssessment\codelyzer\vera\examples\mergesort.c:128: Uninitialized identifier 'pi' of type npy_intp*.
C:\Work\AutoAssessment\codelyzer\vera\examples\mergesort.c:128: Pointer's '*' does not have a single whitespace before identifier, 'npy_intp ,* pi' instead of 'npy_intp , *pi'.
C:\Work\AutoAssessment\codelyzer\vera\examples\mergesort.c:128: Pointer's '*' not next to the pointer's type 'npy_intp ,* pi' instead of 'npy_intp , *pi'.
C:\Work\AutoAssessment\codelyzer\vera\examples\mergesort.c:128: Uninitialized identifier 'vi' of type npy_intp.
C:\Work\AutoAssessment\codelyzer\vera\examples\mergesort.c:128: Bad line indentation, expected to start with 1 tab(s).
C:\Work\AutoAssessment\codelyzer\vera\examples\mergesort.c:128: Bad line indentation, expected to start with 0 tab(s).
C:\Work\AutoAssessment\codelyzer\vera\examples\mergesort.c:130: Curly bracket tab indentation incorrect, found 35 characters but expected 1 tabs.
C:\Work\AutoAssessment\codelyzer\vera\examples\mergesort.c:130: Bad line indentation, expected to start with 0 tab(s).
C:\Work\AutoAssessment\codelyzer\vera\examples\mergesort.c:132: Bad line indentation, expected to start with 2 tab(s).
C:\Work\AutoAssessment\codelyzer\vera\examples\mergesort.c:132: Bad line indentation, expected to start with 0 tab(s).
C:\Work\AutoAssessment\codelyzer\vera\examples\mergesort.c:133: Bad line indentation, expected to start with 2 tab(s).
C:\Work\AutoAssessment\codelyzer\vera\examples\mergesort.c:133: Bad line indentation, expected to start with 0 tab(s).
C:\Work\AutoAssessment\codelyzer\vera\examples\mergesort.c:134: Bad line indentation, expected to start with 2 tab(s).
C:\Work\AutoAssessment\codelyzer\vera\examples\mergesort.c:134: Bad line indentation, expected to start with 0 tab(s).
C:\Work\AutoAssessment\codelyzer\vera\examples\mergesort.c:135: For loops must have all three loop arguments present.
C:\Work\AutoAssessment\codelyzer\vera\examples\mergesort.c:135: Curly bracket tab indentation incorrect, found 41 characters but expected 2 tabs.
C:\Work\AutoAssessment\codelyzer\vera\examples\mergesort.c:135: Bad line indentation, expected to start with 0 tab(s).
C:\Work\AutoAssessment\codelyzer\vera\examples\mergesort.c:136: Bad line indentation, expected to start with 3 tab(s).
C:\Work\AutoAssessment\codelyzer\vera\examples\mergesort.c:136: Bad line indentation, expected to start with 0 tab(s).
C:\Work\AutoAssessment\codelyzer\vera\examples\mergesort.c:137: Closing curly bracket not in the same line or column, or brackets are not both indented with tabs.
C:\Work\AutoAssessment\codelyzer\vera\examples\mergesort.c:137: Bad line indentation, expected to start with 0 tab(s).
C:\Work\AutoAssessment\codelyzer\vera\examples\mergesort.c:138: Bad line indentation, expected to start with 0 tab(s).
C:\Work\AutoAssessment\codelyzer\vera\examples\mergesort.c:139: Bad line indentation, expected to start with 0 tab(s).
C:\Work\AutoAssessment\codelyzer\vera\examples\mergesort.c:140: Bad line indentation, expected to start with 0 tab(s).
C:\Work\AutoAssessment\codelyzer\vera\examples\mergesort.c:141: Curly bracket tab indentation incorrect, found 35 characters but expected 2 tabs.
C:\Work\AutoAssessment\codelyzer\vera\examples\mergesort.c:141: Bad line indentation, expected to start with 0 tab(s).
C:\Work\AutoAssessment\codelyzer\vera\examples\mergesort.c:142: Spacing for identifier/literal in operator [], supposed to be '[ *pj ]'.
C:\Work\AutoAssessment\codelyzer\vera\examples\mergesort.c:142: Spacing for identifier/literal in operator [], supposed to be '[ *pm ]'.
C:\Work\AutoAssessment\codelyzer\vera\examples\mergesort.c:142: Curly bracket tab indentation incorrect, found 43 characters but expected 3 tabs.
C:\Work\AutoAssessment\codelyzer\vera\examples\mergesort.c:142: Bad line indentation, expected to start with 2 tab(s).
C:\Work\AutoAssessment\codelyzer\vera\examples\mergesort.c:142: Bad line indentation, expected to start with 0 tab(s).
C:\Work\AutoAssessment\codelyzer\vera\examples\mergesort.c:143: Bad line indentation, expected to start with 4 tab(s).
C:\Work\AutoAssessment\codelyzer\vera\examples\mergesort.c:143: Bad line indentation, expected to start with 2 tab(s).
C:\Work\AutoAssessment\codelyzer\vera\examples\mergesort.c:143: Bad line indentation, expected to start with 0 tab(s).
C:\Work\AutoAssessment\codelyzer\vera\examples\mergesort.c:144: Closing curly bracket not in the same line or column, or brackets are not both indented with tabs.
C:\Work\AutoAssessment\codelyzer\vera\examples\mergesort.c:144: Bad line indentation, expected to start with 2 tab(s).
C:\Work\AutoAssessment\codelyzer\vera\examples\mergesort.c:144: Bad line indentation, expected to start with 0 tab(s).
C:\Work\AutoAssessment\codelyzer\vera\examples\mergesort.c:145: Curly bracket tab indentation incorrect, found 17 characters but expected 3 tabs.
C:\Work\AutoAssessment\codelyzer\vera\examples\mergesort.c:145: Bad line indentation, expected to start with 2 tab(s).
C:\Work\AutoAssessment\codelyzer\vera\examples\mergesort.c:145: Bad line indentation, expected to start with 0 tab(s).
C:\Work\AutoAssessment\codelyzer\vera\examples\mergesort.c:146: Bad line indentation, expected to start with 4 tab(s).
C:\Work\AutoAssessment\codelyzer\vera\examples\mergesort.c:146: Bad line indentation, expected to start with 2 tab(s).
C:\Work\AutoAssessment\codelyzer\vera\examples\mergesort.c:146: Bad line indentation, expected to start with 0 tab(s).
C:\Work\AutoAssessment\codelyzer\vera\examples\mergesort.c:147: Closing curly bracket not in the same line or column, or brackets are not both indented with tabs.
C:\Work\AutoAssessment\codelyzer\vera\examples\mergesort.c:147: Bad line indentation, expected to start with 2 tab(s).
C:\Work\AutoAssessment\codelyzer\vera\examples\mergesort.c:147: Bad line indentation, expected to start with 0 tab(s).
C:\Work\AutoAssessment\codelyzer\vera\examples\mergesort.c:148: Closing curly bracket not in the same line or column, or brackets are not both indented with tabs.
C:\Work\AutoAssessment\codelyzer\vera\examples\mergesort.c:148: Bad line indentation, expected to start with 0 tab(s).
C:\Work\AutoAssessment\codelyzer\vera\examples\mergesort.c:149: Curly bracket tab indentation incorrect, found 23 characters but expected 2 tabs.
C:\Work\AutoAssessment\codelyzer\vera\examples\mergesort.c:149: Bad line indentation, expected to start with 0 tab(s).
C:\Work\AutoAssessment\codelyzer\vera\examples\mergesort.c:150: Bad line indentation, expected to start with 3 tab(s).
C:\Work\AutoAssessment\codelyzer\vera\examples\mergesort.c:150: Bad line indentation, expected to start with 0 tab(s).
C:\Work\AutoAssessment\codelyzer\vera\examples\mergesort.c:151: Closing curly bracket not in the same line or column, or brackets are not both indented with tabs.
C:\Work\AutoAssessment\codelyzer\vera\examples\mergesort.c:151: Bad line indentation, expected to start with 0 tab(s).
C:\Work\AutoAssessment\codelyzer\vera\examples\mergesort.c:152: Closing curly bracket not in the same line or column, or brackets are not both indented with tabs.
C:\Work\AutoAssessment\codelyzer\vera\examples\mergesort.c:152: Bad line indentation, expected to start with 0 tab(s).
C:\Work\AutoAssessment\codelyzer\vera\examples\mergesort.c:153: Curly bracket tab indentation incorrect, found 9 characters but expected 1 tabs.
C:\Work\AutoAssessment\codelyzer\vera\examples\mergesort.c:153: Bad line indentation, expected to start with 0 tab(s).
C:\Work\AutoAssessment\codelyzer\vera\examples\mergesort.c:155: Curly bracket tab indentation incorrect, found 41 characters but expected 2 tabs.
C:\Work\AutoAssessment\codelyzer\vera\examples\mergesort.c:155: Bad line indentation, expected to start with 0 tab(s).
C:\Work\AutoAssessment\codelyzer\vera\examples\mergesort.c:156: Bad line indentation, expected to start with 3 tab(s).
C:\Work\AutoAssessment\codelyzer\vera\examples\mergesort.c:156: Bad line indentation, expected to start with 0 tab(s).
C:\Work\AutoAssessment\codelyzer\vera\examples\mergesort.c:157: Spacing for identifier/literal in operator [], supposed to be '[ vi ]'.
C:\Work\AutoAssessment\codelyzer\vera\examples\mergesort.c:157: Bad line indentation, expected to start with 3 tab(s).
C:\Work\AutoAssessment\codelyzer\vera\examples\mergesort.c:157: Bad line indentation, expected to start with 0 tab(s).
C:\Work\AutoAssessment\codelyzer\vera\examples\mergesort.c:158: Bad line indentation, expected to start with 3 tab(s).
C:\Work\AutoAssessment\codelyzer\vera\examples\mergesort.c:158: Bad line indentation, expected to start with 0 tab(s).
C:\Work\AutoAssessment\codelyzer\vera\examples\mergesort.c:159: Bad line indentation, expected to start with 3 tab(s).
C:\Work\AutoAssessment\codelyzer\vera\examples\mergesort.c:159: Bad line indentation, expected to start with 0 tab(s).
C:\Work\AutoAssessment\codelyzer\vera\examples\mergesort.c:160: Spacing for identifier/literal in operator [], supposed to be '[ *pk ]'.
C:\Work\AutoAssessment\codelyzer\vera\examples\mergesort.c:160: Curly bracket tab indentation incorrect, found 53 characters but expected 3 tabs.
C:\Work\AutoAssessment\codelyzer\vera\examples\mergesort.c:160: Bad line indentation, expected to start with 0 tab(s).
C:\Work\AutoAssessment\codelyzer\vera\examples\mergesort.c:161: Bad line indentation, expected to start with 4 tab(s).
C:\Work\AutoAssessment\codelyzer\vera\examples\mergesort.c:161: Bad line indentation, expected to start with 0 tab(s).
C:\Work\AutoAssessment\codelyzer\vera\examples\mergesort.c:162: Closing curly bracket not in the same line or column, or brackets are not both indented with tabs.
C:\Work\AutoAssessment\codelyzer\vera\examples\mergesort.c:162: Bad line indentation, expected to start with 0 tab(s).
C:\Work\AutoAssessment\codelyzer\vera\examples\mergesort.c:163: Bad line indentation, expected to start with 3 tab(s).
C:\Work\AutoAssessment\codelyzer\vera\examples\mergesort.c:163: Bad line indentation, expected to start with 0 tab(s).
C:\Work\AutoAssessment\codelyzer\vera\examples\mergesort.c:164: Closing curly bracket not in the same line or column, or brackets are not both indented with tabs.
C:\Work\AutoAssessment\codelyzer\vera\examples\mergesort.c:164: Bad line indentation, expected to start with 0 tab(s).
C:\Work\AutoAssessment\codelyzer\vera\examples\mergesort.c:165: Closing curly bracket not in the same line or column, or brackets are not both indented with tabs.
C:\Work\AutoAssessment\codelyzer\vera\examples\mergesort.c:165: Bad line indentation, expected to start with 0 tab(s).
C:\Work\AutoAssessment\codelyzer\vera\examples\mergesort.c:172: Uninitialized identifier 'pw' of type npy_intp*.
C:\Work\AutoAssessment\codelyzer\vera\examples\mergesort.c:172: Pointer's '*' does not have a single whitespace before identifier, 'npy_intp ,* pw' instead of 'npy_intp , *pw'.
C:\Work\AutoAssessment\codelyzer\vera\examples\mergesort.c:172: Pointer's '*' not next to the pointer's type 'npy_intp ,* pw' instead of 'npy_intp , *pw'.
C:\Work\AutoAssessment\codelyzer\vera\examples\mergesort.c:172: Uninitialized identifier 'pr' of type npy_intp*.
C:\Work\AutoAssessment\codelyzer\vera\examples\mergesort.c:172: Pointer's '*' does not have a single whitespace before identifier, 'npy_intp ,* pr' instead of 'npy_intp , *pr'.
C:\Work\AutoAssessment\codelyzer\vera\examples\mergesort.c:172: Pointer's '*' not next to the pointer's type 'npy_intp ,* pr' instead of 'npy_intp , *pr'.
C:\Work\AutoAssessment\codelyzer\vera\examples\mergesort.c:172: Uninitialized identifier 'pl' of type npy_intp.
C:\Work\AutoAssessment\codelyzer\vera\examples\mergesort.c:172: Bad line indentation, expected to start with 1 tab(s).
C:\Work\AutoAssessment\codelyzer\vera\examples\mergesort.c:172: Bad line indentation, expected to start with 0 tab(s).
C:\Work\AutoAssessment\codelyzer\vera\examples\mergesort.c:174: Bad line indentation, expected to start with 1 tab(s).
C:\Work\AutoAssessment\codelyzer\vera\examples\mergesort.c:174: Bad line indentation, expected to start with 0 tab(s).
C:\Work\AutoAssessment\codelyzer\vera\examples\mergesort.c:175: Bad line indentation, expected to start with 1 tab(s).
C:\Work\AutoAssessment\codelyzer\vera\examples\mergesort.c:175: Bad line indentation, expected to start with 0 tab(s).
C:\Work\AutoAssessment\codelyzer\vera\examples\mergesort.c:176: Malloc lacks a pointer cast.
C:\Work\AutoAssessment\codelyzer\vera\examples\mergesort.c:176: Bad line indentation, expected to start with 1 tab(s).
C:\Work\AutoAssessment\codelyzer\vera\examples\mergesort.c:176: Bad line indentation, expected to start with 0 tab(s).
C:\Work\AutoAssessment\codelyzer\vera\examples\mergesort.c:177: Curly bracket tab indentation incorrect, found 20 characters but expected 1 tabs.
C:\Work\AutoAssessment\codelyzer\vera\examples\mergesort.c:177: Bad line indentation, expected to start with 0 tab(s).
C:\Work\AutoAssessment\codelyzer\vera\examples\mergesort.c:178: Bad line indentation, expected to start with 2 tab(s).
C:\Work\AutoAssessment\codelyzer\vera\examples\mergesort.c:178: Bad line indentation, expected to start with 0 tab(s).
C:\Work\AutoAssessment\codelyzer\vera\examples\mergesort.c:179: Closing curly bracket not in the same line or column, or brackets are not both indented with tabs.
C:\Work\AutoAssessment\codelyzer\vera\examples\mergesort.c:179: Bad line indentation, expected to start with 0 tab(s).
C:\Work\AutoAssessment\codelyzer\vera\examples\mergesort.c:180: Bad line indentation, expected to start with 1 tab(s).
C:\Work\AutoAssessment\codelyzer\vera\examples\mergesort.c:180: Bad line indentation, expected to start with 0 tab(s).
C:\Work\AutoAssessment\codelyzer\vera\examples\mergesort.c:181: Bad line indentation, expected to start with 1 tab(s).
C:\Work\AutoAssessment\codelyzer\vera\examples\mergesort.c:181: Bad line indentation, expected to start with 0 tab(s).
C:\Work\AutoAssessment\codelyzer\vera\examples\mergesort.c:183: Only one 'return' token should be used in a function. Found another in line:178
C:\Work\AutoAssessment\codelyzer\vera\examples\mergesort.c:183: Bad line indentation, expected to start with 1 tab(s).
C:\Work\AutoAssessment\codelyzer\vera\examples\mergesort.c:183: Bad line indentation, expected to start with 0 tab(s).
C:\Work\AutoAssessment\codelyzer\vera\examples\mergesort.c:206: Uninitialized identifier 'pm' of type type*.
C:\Work\AutoAssessment\codelyzer\vera\examples\mergesort.c:206: Pointer's '*' does not have a single whitespace before identifier, 'type ,* pm' instead of 'type , *pm'.
C:\Work\AutoAssessment\codelyzer\vera\examples\mergesort.c:206: Pointer's '*' not next to the pointer's type 'type ,* pm' instead of 'type , *pm'.
C:\Work\AutoAssessment\codelyzer\vera\examples\mergesort.c:206: Uninitialized identifier 'pk' of type type*.
C:\Work\AutoAssessment\codelyzer\vera\examples\mergesort.c:206: Pointer's '*' does not have a single whitespace before identifier, 'type ,* pk' instead of 'type , *pk'.
C:\Work\AutoAssessment\codelyzer\vera\examples\mergesort.c:206: Pointer's '*' not next to the pointer's type 'type ,* pk' instead of 'type , *pk'.
C:\Work\AutoAssessment\codelyzer\vera\examples\mergesort.c:206: Uninitialized identifier 'pj' of type type*.
C:\Work\AutoAssessment\codelyzer\vera\examples\mergesort.c:206: Pointer's '*' does not have a single whitespace before identifier, 'type ,* pj' instead of 'type , *pj'.
C:\Work\AutoAssessment\codelyzer\vera\examples\mergesort.c:206: Pointer's '*' not next to the pointer's type 'type ,* pj' instead of 'type , *pj'.
C:\Work\AutoAssessment\codelyzer\vera\examples\mergesort.c:206: Uninitialized identifier 'pi' of type type.
C:\Work\AutoAssessment\codelyzer\vera\examples\mergesort.c:206: Bad line indentation, expected to start with 1 tab(s).
C:\Work\AutoAssessment\codelyzer\vera\examples\mergesort.c:206: Bad line indentation, expected to start with 0 tab(s).
C:\Work\AutoAssessment\codelyzer\vera\examples\mergesort.c:208: Curly bracket tab indentation incorrect, found 49 characters but expected 1 tabs.
C:\Work\AutoAssessment\codelyzer\vera\examples\mergesort.c:208: Bad line indentation, expected to start with 0 tab(s).
C:\Work\AutoAssessment\codelyzer\vera\examples\mergesort.c:210: Bad line indentation, expected to start with 2 tab(s).
C:\Work\AutoAssessment\codelyzer\vera\examples\mergesort.c:210: Bad line indentation, expected to start with 0 tab(s).
C:\Work\AutoAssessment\codelyzer\vera\examples\mergesort.c:211: Bad line indentation, expected to start with 2 tab(s).
C:\Work\AutoAssessment\codelyzer\vera\examples\mergesort.c:211: Bad line indentation, expected to start with 0 tab(s).
C:\Work\AutoAssessment\codelyzer\vera\examples\mergesort.c:212: Bad line indentation, expected to start with 2 tab(s).
C:\Work\AutoAssessment\codelyzer\vera\examples\mergesort.c:212: Bad line indentation, expected to start with 0 tab(s).
C:\Work\AutoAssessment\codelyzer\vera\examples\mergesort.c:213: Bad line indentation, expected to start with 2 tab(s).
C:\Work\AutoAssessment\codelyzer\vera\examples\mergesort.c:213: Bad line indentation, expected to start with 0 tab(s).
C:\Work\AutoAssessment\codelyzer\vera\examples\mergesort.c:214: Bad line indentation, expected to start with 2 tab(s).
C:\Work\AutoAssessment\codelyzer\vera\examples\mergesort.c:214: Bad line indentation, expected to start with 0 tab(s).
C:\Work\AutoAssessment\codelyzer\vera\examples\mergesort.c:215: Bad line indentation, expected to start with 2 tab(s).
C:\Work\AutoAssessment\codelyzer\vera\examples\mergesort.c:215: Bad line indentation, expected to start with 0 tab(s).
C:\Work\AutoAssessment\codelyzer\vera\examples\mergesort.c:216: Bad line indentation, expected to start with 2 tab(s).
C:\Work\AutoAssessment\codelyzer\vera\examples\mergesort.c:216: Bad line indentation, expected to start with 0 tab(s).
C:\Work\AutoAssessment\codelyzer\vera\examples\mergesort.c:217: Curly bracket tab indentation incorrect, found 35 characters but expected 2 tabs.
C:\Work\AutoAssessment\codelyzer\vera\examples\mergesort.c:217: Bad line indentation, expected to start with 0 tab(s).
C:\Work\AutoAssessment\codelyzer\vera\examples\mergesort.c:218: Curly bracket tab indentation incorrect, found 40 characters but expected 3 tabs.
C:\Work\AutoAssessment\codelyzer\vera\examples\mergesort.c:218: Bad line indentation, expected to start with 0 tab(s).
C:\Work\AutoAssessment\codelyzer\vera\examples\mergesort.c:219: Bad line indentation, expected to start with 4 tab(s).
C:\Work\AutoAssessment\codelyzer\vera\examples\mergesort.c:219: Bad line indentation, expected to start with 0 tab(s).
C:\Work\AutoAssessment\codelyzer\vera\examples\mergesort.c:220: Bad line indentation, expected to start with 4 tab(s).
C:\Work\AutoAssessment\codelyzer\vera\examples\mergesort.c:220: Bad line indentation, expected to start with 0 tab(s).
C:\Work\AutoAssessment\codelyzer\vera\examples\mergesort.c:221: Bad line indentation, expected to start with 4 tab(s).
C:\Work\AutoAssessment\codelyzer\vera\examples\mergesort.c:221: Bad line indentation, expected to start with 0 tab(s).
C:\Work\AutoAssessment\codelyzer\vera\examples\mergesort.c:222: Closing curly bracket not in the same line or column, or brackets are not both indented with tabs.
C:\Work\AutoAssessment\codelyzer\vera\examples\mergesort.c:222: Bad line indentation, expected to start with 0 tab(s).
C:\Work\AutoAssessment\codelyzer\vera\examples\mergesort.c:223: Curly bracket tab indentation incorrect, found 17 characters but expected 3 tabs.
C:\Work\AutoAssessment\codelyzer\vera\examples\mergesort.c:223: Bad line indentation, expected to start with 0 tab(s).
C:\Work\AutoAssessment\codelyzer\vera\examples\mergesort.c:224: Bad line indentation, expected to start with 4 tab(s).
C:\Work\AutoAssessment\codelyzer\vera\examples\mergesort.c:224: Bad line indentation, expected to start with 0 tab(s).
C:\Work\AutoAssessment\codelyzer\vera\examples\mergesort.c:225: Bad line indentation, expected to start with 4 tab(s).
C:\Work\AutoAssessment\codelyzer\vera\examples\mergesort.c:225: Bad line indentation, expected to start with 0 tab(s).
C:\Work\AutoAssessment\codelyzer\vera\examples\mergesort.c:226: Bad line indentation, expected to start with 4 tab(s).
C:\Work\AutoAssessment\codelyzer\vera\examples\mergesort.c:226: Bad line indentation, expected to start with 0 tab(s).
C:\Work\AutoAssessment\codelyzer\vera\examples\mergesort.c:227: Closing curly bracket not in the same line or column, or brackets are not both indented with tabs.
C:\Work\AutoAssessment\codelyzer\vera\examples\mergesort.c:227: Bad line indentation, expected to start with 0 tab(s).
C:\Work\AutoAssessment\codelyzer\vera\examples\mergesort.c:228: Closing curly bracket not in the same line or column, or brackets are not both indented with tabs.
C:\Work\AutoAssessment\codelyzer\vera\examples\mergesort.c:228: Bad line indentation, expected to start with 0 tab(s).
C:\Work\AutoAssessment\codelyzer\vera\examples\mergesort.c:229: Bad line indentation, expected to start with 2 tab(s).
C:\Work\AutoAssessment\codelyzer\vera\examples\mergesort.c:229: Bad line indentation, expected to start with 0 tab(s).
C:\Work\AutoAssessment\codelyzer\vera\examples\mergesort.c:230: Closing curly bracket not in the same line or column, or brackets are not both indented with tabs.
C:\Work\AutoAssessment\codelyzer\vera\examples\mergesort.c:230: Bad line indentation, expected to start with 0 tab(s).
C:\Work\AutoAssessment\codelyzer\vera\examples\mergesort.c:231: Curly bracket tab indentation incorrect, found 9 characters but expected 1 tabs.
C:\Work\AutoAssessment\codelyzer\vera\examples\mergesort.c:231: Bad line indentation, expected to start with 0 tab(s).
C:\Work\AutoAssessment\codelyzer\vera\examples\mergesort.c:233: Curly bracket tab indentation incorrect, found 48 characters but expected 2 tabs.
C:\Work\AutoAssessment\codelyzer\vera\examples\mergesort.c:233: Bad line indentation, expected to start with 0 tab(s).
C:\Work\AutoAssessment\codelyzer\vera\examples\mergesort.c:234: Bad line indentation, expected to start with 3 tab(s).
C:\Work\AutoAssessment\codelyzer\vera\examples\mergesort.c:234: Bad line indentation, expected to start with 0 tab(s).
C:\Work\AutoAssessment\codelyzer\vera\examples\mergesort.c:235: Bad line indentation, expected to start with 3 tab(s).
C:\Work\AutoAssessment\codelyzer\vera\examples\mergesort.c:235: Bad line indentation, expected to start with 0 tab(s).
C:\Work\AutoAssessment\codelyzer\vera\examples\mergesort.c:236: Bad line indentation, expected to start with 3 tab(s).
C:\Work\AutoAssessment\codelyzer\vera\examples\mergesort.c:236: Bad line indentation, expected to start with 0 tab(s).
C:\Work\AutoAssessment\codelyzer\vera\examples\mergesort.c:237: Curly bracket tab indentation incorrect, found 54 characters but expected 3 tabs.
C:\Work\AutoAssessment\codelyzer\vera\examples\mergesort.c:237: Bad line indentation, expected to start with 0 tab(s).
C:\Work\AutoAssessment\codelyzer\vera\examples\mergesort.c:238: Bad line indentation, expected to start with 4 tab(s).
C:\Work\AutoAssessment\codelyzer\vera\examples\mergesort.c:238: Bad line indentation, expected to start with 0 tab(s).
C:\Work\AutoAssessment\codelyzer\vera\examples\mergesort.c:239: Bad line indentation, expected to start with 4 tab(s).
C:\Work\AutoAssessment\codelyzer\vera\examples\mergesort.c:239: Bad line indentation, expected to start with 0 tab(s).
C:\Work\AutoAssessment\codelyzer\vera\examples\mergesort.c:240: Bad line indentation, expected to start with 4 tab(s).
C:\Work\AutoAssessment\codelyzer\vera\examples\mergesort.c:240: Bad line indentation, expected to start with 0 tab(s).
C:\Work\AutoAssessment\codelyzer\vera\examples\mergesort.c:241: Closing curly bracket not in the same line or column, or brackets are not both indented with tabs.
C:\Work\AutoAssessment\codelyzer\vera\examples\mergesort.c:241: Bad line indentation, expected to start with 0 tab(s).
C:\Work\AutoAssessment\codelyzer\vera\examples\mergesort.c:242: Identifier name does not conform to camelCase , can't start with digit or one capital letter in identifier _COPY.
C:\Work\AutoAssessment\codelyzer\vera\examples\mergesort.c:242: Bad line indentation, expected to start with 3 tab(s).
C:\Work\AutoAssessment\codelyzer\vera\examples\mergesort.c:242: Bad line indentation, expected to start with 0 tab(s).
C:\Work\AutoAssessment\codelyzer\vera\examples\mergesort.c:243: Closing curly bracket not in the same line or column, or brackets are not both indented with tabs.
C:\Work\AutoAssessment\codelyzer\vera\examples\mergesort.c:243: Bad line indentation, expected to start with 0 tab(s).
C:\Work\AutoAssessment\codelyzer\vera\examples\mergesort.c:244: Closing curly bracket not in the same line or column, or brackets are not both indented with tabs.
C:\Work\AutoAssessment\codelyzer\vera\examples\mergesort.c:244: Bad line indentation, expected to start with 0 tab(s).
C:\Work\AutoAssessment\codelyzer\vera\examples\mergesort.c:251: Bad line indentation, expected to start with 1 tab(s).
C:\Work\AutoAssessment\codelyzer\vera\examples\mergesort.c:251: Bad line indentation, expected to start with 0 tab(s).
C:\Work\AutoAssessment\codelyzer\vera\examples\mergesort.c:252: Bad line indentation, expected to start with 1 tab(s).
C:\Work\AutoAssessment\codelyzer\vera\examples\mergesort.c:252: Bad line indentation, expected to start with 0 tab(s).
C:\Work\AutoAssessment\codelyzer\vera\examples\mergesort.c:253: Bad line indentation, expected to start with 1 tab(s).
C:\Work\AutoAssessment\codelyzer\vera\examples\mergesort.c:253: Bad line indentation, expected to start with 0 tab(s).
C:\Work\AutoAssessment\codelyzer\vera\examples\mergesort.c:254: Uninitialized identifier 'vp' of type type*.
C:\Work\AutoAssessment\codelyzer\vera\examples\mergesort.c:254: Pointer's '*' does not have a single whitespace before identifier, 'type ,* vp' instead of 'type , *vp'.
C:\Work\AutoAssessment\codelyzer\vera\examples\mergesort.c:254: Pointer's '*' not next to the pointer's type 'type ,* vp' instead of 'type , *vp'.
C:\Work\AutoAssessment\codelyzer\vera\examples\mergesort.c:254: Uninitialized identifier 'pw' of type type*.
C:\Work\AutoAssessment\codelyzer\vera\examples\mergesort.c:254: Pointer's '*' does not have a single whitespace before identifier, 'type ,* pw' instead of 'type , *pw'.
C:\Work\AutoAssessment\codelyzer\vera\examples\mergesort.c:254: Pointer's '*' not next to the pointer's type 'type ,* pw' instead of 'type , *pw'.
C:\Work\AutoAssessment\codelyzer\vera\examples\mergesort.c:254: Uninitialized identifier 'pr' of type type*.
C:\Work\AutoAssessment\codelyzer\vera\examples\mergesort.c:254: Pointer's '*' does not have a single whitespace before identifier, 'type ,* pr' instead of 'type , *pr'.
C:\Work\AutoAssessment\codelyzer\vera\examples\mergesort.c:254: Pointer's '*' not next to the pointer's type 'type ,* pr' instead of 'type , *pr'.
C:\Work\AutoAssessment\codelyzer\vera\examples\mergesort.c:254: Uninitialized identifier 'pl' of type type.
C:\Work\AutoAssessment\codelyzer\vera\examples\mergesort.c:254: Bad line indentation, expected to start with 1 tab(s).
C:\Work\AutoAssessment\codelyzer\vera\examples\mergesort.c:254: Bad line indentation, expected to start with 0 tab(s).
C:\Work\AutoAssessment\codelyzer\vera\examples\mergesort.c:255: Bad line indentation, expected to start with 1 tab(s).
C:\Work\AutoAssessment\codelyzer\vera\examples\mergesort.c:255: Bad line indentation, expected to start with 0 tab(s).
C:\Work\AutoAssessment\codelyzer\vera\examples\mergesort.c:257: Bad line indentation, expected to start with 1 tab(s).
C:\Work\AutoAssessment\codelyzer\vera\examples\mergesort.c:257: Bad line indentation, expected to start with 0 tab(s).
C:\Work\AutoAssessment\codelyzer\vera\examples\mergesort.c:258: Bad line indentation, expected to start with 1 tab(s).
C:\Work\AutoAssessment\codelyzer\vera\examples\mergesort.c:258: Bad line indentation, expected to start with 0 tab(s).
C:\Work\AutoAssessment\codelyzer\vera\examples\mergesort.c:259: Malloc lacks a pointer cast.
C:\Work\AutoAssessment\codelyzer\vera\examples\mergesort.c:259: Bad line indentation, expected to start with 1 tab(s).
C:\Work\AutoAssessment\codelyzer\vera\examples\mergesort.c:259: Bad line indentation, expected to start with 0 tab(s).
C:\Work\AutoAssessment\codelyzer\vera\examples\mergesort.c:260: Curly bracket tab indentation incorrect, found 20 characters but expected 1 tabs.
C:\Work\AutoAssessment\codelyzer\vera\examples\mergesort.c:260: Bad line indentation, expected to start with 0 tab(s).
C:\Work\AutoAssessment\codelyzer\vera\examples\mergesort.c:261: Bad line indentation, expected to start with 2 tab(s).
C:\Work\AutoAssessment\codelyzer\vera\examples\mergesort.c:261: Bad line indentation, expected to start with 0 tab(s).
C:\Work\AutoAssessment\codelyzer\vera\examples\mergesort.c:262: Bad line indentation, expected to start with 2 tab(s).
C:\Work\AutoAssessment\codelyzer\vera\examples\mergesort.c:262: Bad line indentation, expected to start with 0 tab(s).
C:\Work\AutoAssessment\codelyzer\vera\examples\mergesort.c:263: Closing curly bracket not in the same line or column, or brackets are not both indented with tabs.
C:\Work\AutoAssessment\codelyzer\vera\examples\mergesort.c:263: Bad line indentation, expected to start with 0 tab(s).
C:\Work\AutoAssessment\codelyzer\vera\examples\mergesort.c:264: Malloc lacks a pointer cast.
C:\Work\AutoAssessment\codelyzer\vera\examples\mergesort.c:264: Bad line indentation, expected to start with 0 tab(s).
C:\Work\AutoAssessment\codelyzer\vera\examples\mergesort.c:265: Curly bracket tab indentation incorrect, found 20 characters but expected 1 tabs.
C:\Work\AutoAssessment\codelyzer\vera\examples\mergesort.c:265: Bad line indentation, expected to start with 0 tab(s).
C:\Work\AutoAssessment\codelyzer\vera\examples\mergesort.c:266: Bad line indentation, expected to start with 2 tab(s).
C:\Work\AutoAssessment\codelyzer\vera\examples\mergesort.c:266: Bad line indentation, expected to start with 0 tab(s).
C:\Work\AutoAssessment\codelyzer\vera\examples\mergesort.c:267: Bad line indentation, expected to start with 2 tab(s).
C:\Work\AutoAssessment\codelyzer\vera\examples\mergesort.c:267: Bad line indentation, expected to start with 0 tab(s).
C:\Work\AutoAssessment\codelyzer\vera\examples\mergesort.c:268: Closing curly bracket not in the same line or column, or brackets are not both indented with tabs.
C:\Work\AutoAssessment\codelyzer\vera\examples\mergesort.c:268: Bad line indentation, expected to start with 0 tab(s).
C:\Work\AutoAssessment\codelyzer\vera\examples\mergesort.c:269: Bad line indentation, expected to start with 1 tab(s).
C:\Work\AutoAssessment\codelyzer\vera\examples\mergesort.c:269: Bad line indentation, expected to start with 0 tab(s).
C:\Work\AutoAssessment\codelyzer\vera\examples\mergesort.c:271: Bad line indentation, expected to start with 1 tab(s).
C:\Work\AutoAssessment\codelyzer\vera\examples\mergesort.c:271: Bad line indentation, expected to start with 0 tab(s).
C:\Work\AutoAssessment\codelyzer\vera\examples\mergesort.c:272: Bad line indentation, expected to start with 1 tab(s).
C:\Work\AutoAssessment\codelyzer\vera\examples\mergesort.c:273: Bad line indentation, expected to start with 1 tab(s).
C:\Work\AutoAssessment\codelyzer\vera\examples\mergesort.c:273: Bad line indentation, expected to start with 0 tab(s).
C:\Work\AutoAssessment\codelyzer\vera\examples\mergesort.c:274: Bad line indentation, expected to start with 1 tab(s).
C:\Work\AutoAssessment\codelyzer\vera\examples\mergesort.c:275: Uninitialized identifier 'err' of type fail_0.
C:\Work\AutoAssessment\codelyzer\vera\examples\mergesort.c:275: Bad line indentation, expected to start with 1 tab(s).
C:\Work\AutoAssessment\codelyzer\vera\examples\mergesort.c:275: Bad line indentation, expected to start with 0 tab(s).
C:\Work\AutoAssessment\codelyzer\vera\examples\mergesort.c:282: Uninitialized identifier 'vp' of type type.
C:\Work\AutoAssessment\codelyzer\vera\examples\mergesort.c:282: Bad line indentation, expected to start with 1 tab(s).
C:\Work\AutoAssessment\codelyzer\vera\examples\mergesort.c:282: Bad line indentation, expected to start with 0 tab(s).
C:\Work\AutoAssessment\codelyzer\vera\examples\mergesort.c:283: Uninitialized identifier 'pm' of type npy_intp*.
C:\Work\AutoAssessment\codelyzer\vera\examples\mergesort.c:283: Pointer's '*' does not have a single whitespace before identifier, 'npy_intp ,* pm' instead of 'npy_intp , *pm'.
C:\Work\AutoAssessment\codelyzer\vera\examples\mergesort.c:283: Pointer's '*' not next to the pointer's type 'npy_intp ,* pm' instead of 'npy_intp , *pm'.
C:\Work\AutoAssessment\codelyzer\vera\examples\mergesort.c:283: Uninitialized identifier 'pk' of type npy_intp*.
C:\Work\AutoAssessment\codelyzer\vera\examples\mergesort.c:283: Pointer's '*' does not have a single whitespace before identifier, 'npy_intp ,* pk' instead of 'npy_intp , *pk'.
C:\Work\AutoAssessment\codelyzer\vera\examples\mergesort.c:283: Pointer's '*' not next to the pointer's type 'npy_intp ,* pk' instead of 'npy_intp , *pk'.
C:\Work\AutoAssessment\codelyzer\vera\examples\mergesort.c:283: Uninitialized identifier 'pj' of type npy_intp*.
C:\Work\AutoAssessment\codelyzer\vera\examples\mergesort.c:283: Pointer's '*' does not have a single whitespace before identifier, 'npy_intp ,* pj' instead of 'npy_intp , *pj'.
C:\Work\AutoAssessment\codelyzer\vera\examples\mergesort.c:283: Pointer's '*' not next to the pointer's type 'npy_intp ,* pj' instead of 'npy_intp , *pj'.
C:\Work\AutoAssessment\codelyzer\vera\examples\mergesort.c:283: Uninitialized identifier 'pi' of type npy_intp*.
C:\Work\AutoAssessment\codelyzer\vera\examples\mergesort.c:283: Pointer's '*' does not have a single whitespace before identifier, 'npy_intp ,* pi' instead of 'npy_intp , *pi'.
C:\Work\AutoAssessment\codelyzer\vera\examples\mergesort.c:283: Pointer's '*' not next to the pointer's type 'npy_intp ,* pi' instead of 'npy_intp , *pi'.
C:\Work\AutoAssessment\codelyzer\vera\examples\mergesort.c:283: Uninitialized identifier 'vi' of type npy_intp.
C:\Work\AutoAssessment\codelyzer\vera\examples\mergesort.c:283: Bad line indentation, expected to start with 1 tab(s).
C:\Work\AutoAssessment\codelyzer\vera\examples\mergesort.c:283: Bad line indentation, expected to start with 0 tab(s).
C:\Work\AutoAssessment\codelyzer\vera\examples\mergesort.c:285: Curly bracket tab indentation incorrect, found 35 characters but expected 1 tabs.
C:\Work\AutoAssessment\codelyzer\vera\examples\mergesort.c:285: Bad line indentation, expected to start with 0 tab(s).
C:\Work\AutoAssessment\codelyzer\vera\examples\mergesort.c:287: Bad line indentation, expected to start with 2 tab(s).
C:\Work\AutoAssessment\codelyzer\vera\examples\mergesort.c:287: Bad line indentation, expected to start with 0 tab(s).
C:\Work\AutoAssessment\codelyzer\vera\examples\mergesort.c:288: Bad line indentation, expected to start with 2 tab(s).
C:\Work\AutoAssessment\codelyzer\vera\examples\mergesort.c:288: Bad line indentation, expected to start with 0 tab(s).
C:\Work\AutoAssessment\codelyzer\vera\examples\mergesort.c:289: Bad line indentation, expected to start with 2 tab(s).
C:\Work\AutoAssessment\codelyzer\vera\examples\mergesort.c:289: Bad line indentation, expected to start with 0 tab(s).
C:\Work\AutoAssessment\codelyzer\vera\examples\mergesort.c:290: For loops must have all three loop arguments present.
C:\Work\AutoAssessment\codelyzer\vera\examples\mergesort.c:290: Curly bracket tab indentation incorrect, found 41 characters but expected 2 tabs.
C:\Work\AutoAssessment\codelyzer\vera\examples\mergesort.c:290: Bad line indentation, expected to start with 0 tab(s).
C:\Work\AutoAssessment\codelyzer\vera\examples\mergesort.c:291: Bad line indentation, expected to start with 3 tab(s).
C:\Work\AutoAssessment\codelyzer\vera\examples\mergesort.c:291: Bad line indentation, expected to start with 0 tab(s).
C:\Work\AutoAssessment\codelyzer\vera\examples\mergesort.c:292: Closing curly bracket not in the same line or column, or brackets are not both indented with tabs.
C:\Work\AutoAssessment\codelyzer\vera\examples\mergesort.c:292: Bad line indentation, expected to start with 0 tab(s).
C:\Work\AutoAssessment\codelyzer\vera\examples\mergesort.c:293: Bad line indentation, expected to start with 0 tab(s).
C:\Work\AutoAssessment\codelyzer\vera\examples\mergesort.c:294: Bad line indentation, expected to start with 0 tab(s).
C:\Work\AutoAssessment\codelyzer\vera\examples\mergesort.c:295: Bad line indentation, expected to start with 0 tab(s).
C:\Work\AutoAssessment\codelyzer\vera\examples\mergesort.c:296: Curly bracket tab indentation incorrect, found 35 characters but expected 2 tabs.
C:\Work\AutoAssessment\codelyzer\vera\examples\mergesort.c:296: Bad line indentation, expected to start with 0 tab(s).
C:\Work\AutoAssessment\codelyzer\vera\examples\mergesort.c:297: Curly bracket tab indentation incorrect, found 62 characters but expected 3 tabs.
C:\Work\AutoAssessment\codelyzer\vera\examples\mergesort.c:297: Bad line indentation, expected to start with 2 tab(s).
C:\Work\AutoAssessment\codelyzer\vera\examples\mergesort.c:297: Bad line indentation, expected to start with 0 tab(s).
C:\Work\AutoAssessment\codelyzer\vera\examples\mergesort.c:298: Bad line indentation, expected to start with 4 tab(s).
C:\Work\AutoAssessment\codelyzer\vera\examples\mergesort.c:298: Bad line indentation, expected to start with 2 tab(s).
C:\Work\AutoAssessment\codelyzer\vera\examples\mergesort.c:298: Bad line indentation, expected to start with 0 tab(s).
C:\Work\AutoAssessment\codelyzer\vera\examples\mergesort.c:299: Closing curly bracket not in the same line or column, or brackets are not both indented with tabs.
C:\Work\AutoAssessment\codelyzer\vera\examples\mergesort.c:299: Bad line indentation, expected to start with 2 tab(s).
C:\Work\AutoAssessment\codelyzer\vera\examples\mergesort.c:299: Bad line indentation, expected to start with 0 tab(s).
C:\Work\AutoAssessment\codelyzer\vera\examples\mergesort.c:300: Curly bracket tab indentation incorrect, found 17 characters but expected 3 tabs.
C:\Work\AutoAssessment\codelyzer\vera\examples\mergesort.c:300: Bad line indentation, expected to start with 2 tab(s).
C:\Work\AutoAssessment\codelyzer\vera\examples\mergesort.c:300: Bad line indentation, expected to start with 0 tab(s).
C:\Work\AutoAssessment\codelyzer\vera\examples\mergesort.c:301: Bad line indentation, expected to start with 4 tab(s).
C:\Work\AutoAssessment\codelyzer\vera\examples\mergesort.c:301: Bad line indentation, expected to start with 2 tab(s).
C:\Work\AutoAssessment\codelyzer\vera\examples\mergesort.c:301: Bad line indentation, expected to start with 0 tab(s).
C:\Work\AutoAssessment\codelyzer\vera\examples\mergesort.c:302: Closing curly bracket not in the same line or column, or brackets are not both indented with tabs.
C:\Work\AutoAssessment\codelyzer\vera\examples\mergesort.c:302: Bad line indentation, expected to start with 2 tab(s).
C:\Work\AutoAssessment\codelyzer\vera\examples\mergesort.c:302: Bad line indentation, expected to start with 0 tab(s).
C:\Work\AutoAssessment\codelyzer\vera\examples\mergesort.c:303: Closing curly bracket not in the same line or column, or brackets are not both indented with tabs.
C:\Work\AutoAssessment\codelyzer\vera\examples\mergesort.c:303: Bad line indentation, expected to start with 0 tab(s).
C:\Work\AutoAssessment\codelyzer\vera\examples\mergesort.c:304: Curly bracket tab indentation incorrect, found 24 characters but expected 2 tabs.
C:\Work\AutoAssessment\codelyzer\vera\examples\mergesort.c:304: Bad line indentation, expected to start with 0 tab(s).
C:\Work\AutoAssessment\codelyzer\vera\examples\mergesort.c:305: Bad line indentation, expected to start with 3 tab(s).
C:\Work\AutoAssessment\codelyzer\vera\examples\mergesort.c:305: Bad line indentation, expected to start with 0 tab(s).
C:\Work\AutoAssessment\codelyzer\vera\examples\mergesort.c:306: Closing curly bracket not in the same line or column, or brackets are not both indented with tabs.
C:\Work\AutoAssessment\codelyzer\vera\examples\mergesort.c:306: Bad line indentation, expected to start with 0 tab(s).
C:\Work\AutoAssessment\codelyzer\vera\examples\mergesort.c:307: Closing curly bracket not in the same line or column, or brackets are not both indented with tabs.
C:\Work\AutoAssessment\codelyzer\vera\examples\mergesort.c:307: Bad line indentation, expected to start with 0 tab(s).
C:\Work\AutoAssessment\codelyzer\vera\examples\mergesort.c:308: Curly bracket tab indentation incorrect, found 9 characters but expected 1 tabs.
C:\Work\AutoAssessment\codelyzer\vera\examples\mergesort.c:308: Bad line indentation, expected to start with 0 tab(s).
C:\Work\AutoAssessment\codelyzer\vera\examples\mergesort.c:310: Curly bracket tab indentation incorrect, found 41 characters but expected 2 tabs.
C:\Work\AutoAssessment\codelyzer\vera\examples\mergesort.c:310: Bad line indentation, expected to start with 0 tab(s).
C:\Work\AutoAssessment\codelyzer\vera\examples\mergesort.c:311: Bad line indentation, expected to start with 3 tab(s).
C:\Work\AutoAssessment\codelyzer\vera\examples\mergesort.c:311: Bad line indentation, expected to start with 0 tab(s).
C:\Work\AutoAssessment\codelyzer\vera\examples\mergesort.c:312: Bad line indentation, expected to start with 3 tab(s).
C:\Work\AutoAssessment\codelyzer\vera\examples\mergesort.c:312: Bad line indentation, expected to start with 0 tab(s).
C:\Work\AutoAssessment\codelyzer\vera\examples\mergesort.c:313: Bad line indentation, expected to start with 3 tab(s).
C:\Work\AutoAssessment\codelyzer\vera\examples\mergesort.c:313: Bad line indentation, expected to start with 0 tab(s).
C:\Work\AutoAssessment\codelyzer\vera\examples\mergesort.c:314: Bad line indentation, expected to start with 3 tab(s).
C:\Work\AutoAssessment\codelyzer\vera\examples\mergesort.c:314: Bad line indentation, expected to start with 0 tab(s).
C:\Work\AutoAssessment\codelyzer\vera\examples\mergesort.c:315: Curly bracket tab indentation incorrect, found 65 characters but expected 3 tabs.
C:\Work\AutoAssessment\codelyzer\vera\examples\mergesort.c:315: Bad line indentation, expected to start with 0 tab(s).
C:\Work\AutoAssessment\codelyzer\vera\examples\mergesort.c:316: Bad line indentation, expected to start with 4 tab(s).
C:\Work\AutoAssessment\codelyzer\vera\examples\mergesort.c:316: Bad line indentation, expected to start with 0 tab(s).
C:\Work\AutoAssessment\codelyzer\vera\examples\mergesort.c:317: Closing curly bracket not in the same line or column, or brackets are not both indented with tabs.
C:\Work\AutoAssessment\codelyzer\vera\examples\mergesort.c:317: Bad line indentation, expected to start with 0 tab(s).
C:\Work\AutoAssessment\codelyzer\vera\examples\mergesort.c:318: Bad line indentation, expected to start with 3 tab(s).
C:\Work\AutoAssessment\codelyzer\vera\examples\mergesort.c:318: Bad line indentation, expected to start with 0 tab(s).
C:\Work\AutoAssessment\codelyzer\vera\examples\mergesort.c:319: Closing curly bracket not in the same line or column, or brackets are not both indented with tabs.
C:\Work\AutoAssessment\codelyzer\vera\examples\mergesort.c:319: Bad line indentation, expected to start with 0 tab(s).
C:\Work\AutoAssessment\codelyzer\vera\examples\mergesort.c:320: Closing curly bracket not in the same line or column, or brackets are not both indented with tabs.
C:\Work\AutoAssessment\codelyzer\vera\examples\mergesort.c:320: Bad line indentation, expected to start with 0 tab(s).
C:\Work\AutoAssessment\codelyzer\vera\examples\mergesort.c:327: Bad line indentation, expected to start with 1 tab(s).
C:\Work\AutoAssessment\codelyzer\vera\examples\mergesort.c:327: Bad line indentation, expected to start with 0 tab(s).
C:\Work\AutoAssessment\codelyzer\vera\examples\mergesort.c:328: Bad line indentation, expected to start with 1 tab(s).
C:\Work\AutoAssessment\codelyzer\vera\examples\mergesort.c:328: Bad line indentation, expected to start with 0 tab(s).
C:\Work\AutoAssessment\codelyzer\vera\examples\mergesort.c:329: Bad line indentation, expected to start with 1 tab(s).
C:\Work\AutoAssessment\codelyzer\vera\examples\mergesort.c:329: Bad line indentation, expected to start with 0 tab(s).
C:\Work\AutoAssessment\codelyzer\vera\examples\mergesort.c:330: Uninitialized identifier 'pw' of type npy_intp*.
C:\Work\AutoAssessment\codelyzer\vera\examples\mergesort.c:330: Pointer's '*' does not have a single whitespace before identifier, 'npy_intp ,* pw' instead of 'npy_intp , *pw'.
C:\Work\AutoAssessment\codelyzer\vera\examples\mergesort.c:330: Pointer's '*' not next to the pointer's type 'npy_intp ,* pw' instead of 'npy_intp , *pw'.
C:\Work\AutoAssessment\codelyzer\vera\examples\mergesort.c:330: Uninitialized identifier 'pr' of type npy_intp*.
C:\Work\AutoAssessment\codelyzer\vera\examples\mergesort.c:330: Pointer's '*' does not have a single whitespace before identifier, 'npy_intp ,* pr' instead of 'npy_intp , *pr'.
C:\Work\AutoAssessment\codelyzer\vera\examples\mergesort.c:330: Pointer's '*' not next to the pointer's type 'npy_intp ,* pr' instead of 'npy_intp , *pr'.
C:\Work\AutoAssessment\codelyzer\vera\examples\mergesort.c:330: Uninitialized identifier 'pl' of type npy_intp.
C:\Work\AutoAssessment\codelyzer\vera\examples\mergesort.c:330: Bad line indentation, expected to start with 1 tab(s).
C:\Work\AutoAssessment\codelyzer\vera\examples\mergesort.c:330: Bad line indentation, expected to start with 0 tab(s).
C:\Work\AutoAssessment\codelyzer\vera\examples\mergesort.c:332: Bad line indentation, expected to start with 1 tab(s).
C:\Work\AutoAssessment\codelyzer\vera\examples\mergesort.c:332: Bad line indentation, expected to start with 0 tab(s).
C:\Work\AutoAssessment\codelyzer\vera\examples\mergesort.c:333: Bad line indentation, expected to start with 1 tab(s).
C:\Work\AutoAssessment\codelyzer\vera\examples\mergesort.c:333: Bad line indentation, expected to start with 0 tab(s).
C:\Work\AutoAssessment\codelyzer\vera\examples\mergesort.c:334: Malloc lacks a pointer cast.
C:\Work\AutoAssessment\codelyzer\vera\examples\mergesort.c:334: Bad line indentation, expected to start with 1 tab(s).
C:\Work\AutoAssessment\codelyzer\vera\examples\mergesort.c:334: Bad line indentation, expected to start with 0 tab(s).
C:\Work\AutoAssessment\codelyzer\vera\examples\mergesort.c:335: Curly bracket tab indentation incorrect, found 20 characters but expected 1 tabs.
C:\Work\AutoAssessment\codelyzer\vera\examples\mergesort.c:335: Bad line indentation, expected to start with 0 tab(s).
C:\Work\AutoAssessment\codelyzer\vera\examples\mergesort.c:336: Bad line indentation, expected to start with 2 tab(s).
C:\Work\AutoAssessment\codelyzer\vera\examples\mergesort.c:336: Bad line indentation, expected to start with 0 tab(s).
C:\Work\AutoAssessment\codelyzer\vera\examples\mergesort.c:337: Closing curly bracket not in the same line or column, or brackets are not both indented with tabs.
C:\Work\AutoAssessment\codelyzer\vera\examples\mergesort.c:337: Bad line indentation, expected to start with 0 tab(s).
C:\Work\AutoAssessment\codelyzer\vera\examples\mergesort.c:338: Bad line indentation, expected to start with 1 tab(s).
C:\Work\AutoAssessment\codelyzer\vera\examples\mergesort.c:338: Bad line indentation, expected to start with 0 tab(s).
C:\Work\AutoAssessment\codelyzer\vera\examples\mergesort.c:339: Bad line indentation, expected to start with 1 tab(s).
C:\Work\AutoAssessment\codelyzer\vera\examples\mergesort.c:339: Bad line indentation, expected to start with 0 tab(s).
C:\Work\AutoAssessment\codelyzer\vera\examples\mergesort.c:341: Only one 'return' token should be used in a function. Found another in line:336
C:\Work\AutoAssessment\codelyzer\vera\examples\mergesort.c:341: Bad line indentation, expected to start with 1 tab(s).
C:\Work\AutoAssessment\codelyzer\vera\examples\mergesort.c:341: Bad line indentation, expected to start with 0 tab(s).
C:\Work\AutoAssessment\codelyzer\vera\examples\mergesort.c:358: Uninitialized identifier 'pm' of type char*.
C:\Work\AutoAssessment\codelyzer\vera\examples\mergesort.c:358: Pointer's '*' does not have a single whitespace before identifier, 'char ,* pm' instead of 'char , *pm'.
C:\Work\AutoAssessment\codelyzer\vera\examples\mergesort.c:358: Pointer's '*' not next to the pointer's type 'char ,* pm' instead of 'char , *pm'.
C:\Work\AutoAssessment\codelyzer\vera\examples\mergesort.c:358: Uninitialized identifier 'pk' of type char*.
C:\Work\AutoAssessment\codelyzer\vera\examples\mergesort.c:358: Pointer's '*' does not have a single whitespace before identifier, 'char ,* pk' instead of 'char , *pk'.
C:\Work\AutoAssessment\codelyzer\vera\examples\mergesort.c:358: Pointer's '*' not next to the pointer's type 'char ,* pk' instead of 'char , *pk'.
C:\Work\AutoAssessment\codelyzer\vera\examples\mergesort.c:358: Uninitialized identifier 'pj' of type char*.
C:\Work\AutoAssessment\codelyzer\vera\examples\mergesort.c:358: Pointer's '*' does not have a single whitespace before identifier, 'char ,* pj' instead of 'char , *pj'.
C:\Work\AutoAssessment\codelyzer\vera\examples\mergesort.c:358: Pointer's '*' not next to the pointer's type 'char ,* pj' instead of 'char , *pj'.
C:\Work\AutoAssessment\codelyzer\vera\examples\mergesort.c:358: Uninitialized identifier 'pi' of type char*.
C:\Work\AutoAssessment\codelyzer\vera\examples\mergesort.c:358: Pointer's '*' does not have a single whitespace before identifier, 'char* pi' instead of 'char *pi'.
C:\Work\AutoAssessment\codelyzer\vera\examples\mergesort.c:358: Pointer's '*' not next to the pointer's type 'char* pi' instead of 'char *pi'.
C:\Work\AutoAssessment\codelyzer\vera\examples\mergesort.c:358: Bad line indentation, expected to start with 1 tab(s).
C:\Work\AutoAssessment\codelyzer\vera\examples\mergesort.c:358: Bad line indentation, expected to start with 0 tab(s).
C:\Work\AutoAssessment\codelyzer\vera\examples\mergesort.c:360: Curly bracket tab indentation incorrect, found 42 characters but expected 1 tabs.
C:\Work\AutoAssessment\codelyzer\vera\examples\mergesort.c:360: Bad line indentation, expected to start with 0 tab(s).
C:\Work\AutoAssessment\codelyzer\vera\examples\mergesort.c:362: Bad line indentation, expected to start with 2 tab(s).
C:\Work\AutoAssessment\codelyzer\vera\examples\mergesort.c:362: Bad line indentation, expected to start with 0 tab(s).
C:\Work\AutoAssessment\codelyzer\vera\examples\mergesort.c:363: Bad line indentation, expected to start with 2 tab(s).
C:\Work\AutoAssessment\codelyzer\vera\examples\mergesort.c:363: Bad line indentation, expected to start with 0 tab(s).
C:\Work\AutoAssessment\codelyzer\vera\examples\mergesort.c:364: Bad line indentation, expected to start with 2 tab(s).
C:\Work\AutoAssessment\codelyzer\vera\examples\mergesort.c:364: Bad line indentation, expected to start with 0 tab(s).
C:\Work\AutoAssessment\codelyzer\vera\examples\mergesort.c:365: Bad line indentation, expected to start with 2 tab(s).
C:\Work\AutoAssessment\codelyzer\vera\examples\mergesort.c:365: Bad line indentation, expected to start with 0 tab(s).
C:\Work\AutoAssessment\codelyzer\vera\examples\mergesort.c:366: Bad line indentation, expected to start with 2 tab(s).
C:\Work\AutoAssessment\codelyzer\vera\examples\mergesort.c:366: Bad line indentation, expected to start with 0 tab(s).
C:\Work\AutoAssessment\codelyzer\vera\examples\mergesort.c:367: Bad line indentation, expected to start with 2 tab(s).
C:\Work\AutoAssessment\codelyzer\vera\examples\mergesort.c:367: Bad line indentation, expected to start with 0 tab(s).
C:\Work\AutoAssessment\codelyzer\vera\examples\mergesort.c:368: Bad line indentation, expected to start with 2 tab(s).
C:\Work\AutoAssessment\codelyzer\vera\examples\mergesort.c:368: Bad line indentation, expected to start with 0 tab(s).
C:\Work\AutoAssessment\codelyzer\vera\examples\mergesort.c:369: Curly bracket tab indentation incorrect, found 35 characters but expected 2 tabs.
C:\Work\AutoAssessment\codelyzer\vera\examples\mergesort.c:369: Bad line indentation, expected to start with 0 tab(s).
C:\Work\AutoAssessment\codelyzer\vera\examples\mergesort.c:370: Curly bracket tab indentation incorrect, found 38 characters but expected 3 tabs.
C:\Work\AutoAssessment\codelyzer\vera\examples\mergesort.c:370: Bad line indentation, expected to start with 0 tab(s).
C:\Work\AutoAssessment\codelyzer\vera\examples\mergesort.c:371: Bad line indentation, expected to start with 4 tab(s).
C:\Work\AutoAssessment\codelyzer\vera\examples\mergesort.c:371: Bad line indentation, expected to start with 0 tab(s).
C:\Work\AutoAssessment\codelyzer\vera\examples\mergesort.c:372: Bad line indentation, expected to start with 4 tab(s).
C:\Work\AutoAssessment\codelyzer\vera\examples\mergesort.c:372: Bad line indentation, expected to start with 0 tab(s).
C:\Work\AutoAssessment\codelyzer\vera\examples\mergesort.c:373: Bad line indentation, expected to start with 4 tab(s).
C:\Work\AutoAssessment\codelyzer\vera\examples\mergesort.c:373: Bad line indentation, expected to start with 0 tab(s).
C:\Work\AutoAssessment\codelyzer\vera\examples\mergesort.c:374: Closing curly bracket not in the same line or column, or brackets are not both indented with tabs.
C:\Work\AutoAssessment\codelyzer\vera\examples\mergesort.c:374: Bad line indentation, expected to start with 0 tab(s).
C:\Work\AutoAssessment\codelyzer\vera\examples\mergesort.c:375: Curly bracket tab indentation incorrect, found 17 characters but expected 3 tabs.
C:\Work\AutoAssessment\codelyzer\vera\examples\mergesort.c:375: Bad line indentation, expected to start with 0 tab(s).
C:\Work\AutoAssessment\codelyzer\vera\examples\mergesort.c:376: Bad line indentation, expected to start with 4 tab(s).
C:\Work\AutoAssessment\codelyzer\vera\examples\mergesort.c:376: Bad line indentation, expected to start with 0 tab(s).
C:\Work\AutoAssessment\codelyzer\vera\examples\mergesort.c:377: Bad line indentation, expected to start with 4 tab(s).
C:\Work\AutoAssessment\codelyzer\vera\examples\mergesort.c:377: Bad line indentation, expected to start with 0 tab(s).
C:\Work\AutoAssessment\codelyzer\vera\examples\mergesort.c:378: Bad line indentation, expected to start with 4 tab(s).
C:\Work\AutoAssessment\codelyzer\vera\examples\mergesort.c:378: Bad line indentation, expected to start with 0 tab(s).
C:\Work\AutoAssessment\codelyzer\vera\examples\mergesort.c:379: Closing curly bracket not in the same line or column, or brackets are not both indented with tabs.
C:\Work\AutoAssessment\codelyzer\vera\examples\mergesort.c:379: Bad line indentation, expected to start with 0 tab(s).
C:\Work\AutoAssessment\codelyzer\vera\examples\mergesort.c:380: Closing curly bracket not in the same line or column, or brackets are not both indented with tabs.
C:\Work\AutoAssessment\codelyzer\vera\examples\mergesort.c:380: Bad line indentation, expected to start with 0 tab(s).
C:\Work\AutoAssessment\codelyzer\vera\examples\mergesort.c:381: Bad line indentation, expected to start with 2 tab(s).
C:\Work\AutoAssessment\codelyzer\vera\examples\mergesort.c:381: Bad line indentation, expected to start with 0 tab(s).
C:\Work\AutoAssessment\codelyzer\vera\examples\mergesort.c:382: Closing curly bracket not in the same line or column, or brackets are not both indented with tabs.
C:\Work\AutoAssessment\codelyzer\vera\examples\mergesort.c:382: Bad line indentation, expected to start with 0 tab(s).
C:\Work\AutoAssessment\codelyzer\vera\examples\mergesort.c:383: Curly bracket tab indentation incorrect, found 9 characters but expected 1 tabs.
C:\Work\AutoAssessment\codelyzer\vera\examples\mergesort.c:383: Bad line indentation, expected to start with 0 tab(s).
C:\Work\AutoAssessment\codelyzer\vera\examples\mergesort.c:385: Curly bracket tab indentation incorrect, found 54 characters but expected 2 tabs.
C:\Work\AutoAssessment\codelyzer\vera\examples\mergesort.c:385: Bad line indentation, expected to start with 0 tab(s).
C:\Work\AutoAssessment\codelyzer\vera\examples\mergesort.c:386: Bad line indentation, expected to start with 3 tab(s).
C:\Work\AutoAssessment\codelyzer\vera\examples\mergesort.c:386: Bad line indentation, expected to start with 0 tab(s).
C:\Work\AutoAssessment\codelyzer\vera\examples\mergesort.c:387: Bad line indentation, expected to start with 3 tab(s).
C:\Work\AutoAssessment\codelyzer\vera\examples\mergesort.c:387: Bad line indentation, expected to start with 0 tab(s).
C:\Work\AutoAssessment\codelyzer\vera\examples\mergesort.c:388: Bad line indentation, expected to start with 3 tab(s).
C:\Work\AutoAssessment\codelyzer\vera\examples\mergesort.c:388: Bad line indentation, expected to start with 0 tab(s).
C:\Work\AutoAssessment\codelyzer\vera\examples\mergesort.c:389: Curly bracket tab indentation incorrect, found 52 characters but expected 3 tabs.
C:\Work\AutoAssessment\codelyzer\vera\examples\mergesort.c:389: Bad line indentation, expected to start with 0 tab(s).
C:\Work\AutoAssessment\codelyzer\vera\examples\mergesort.c:390: Bad line indentation, expected to start with 4 tab(s).
C:\Work\AutoAssessment\codelyzer\vera\examples\mergesort.c:390: Bad line indentation, expected to start with 0 tab(s).
C:\Work\AutoAssessment\codelyzer\vera\examples\mergesort.c:391: Bad line indentation, expected to start with 4 tab(s).
C:\Work\AutoAssessment\codelyzer\vera\examples\mergesort.c:391: Bad line indentation, expected to start with 0 tab(s).
C:\Work\AutoAssessment\codelyzer\vera\examples\mergesort.c:392: Bad line indentation, expected to start with 4 tab(s).
C:\Work\AutoAssessment\codelyzer\vera\examples\mergesort.c:392: Bad line indentation, expected to start with 0 tab(s).
C:\Work\AutoAssessment\codelyzer\vera\examples\mergesort.c:393: Closing curly bracket not in the same line or column, or brackets are not both indented with tabs.
C:\Work\AutoAssessment\codelyzer\vera\examples\mergesort.c:393: Bad line indentation, expected to start with 0 tab(s).
C:\Work\AutoAssessment\codelyzer\vera\examples\mergesort.c:394: Bad line indentation, expected to start with 3 tab(s).
C:\Work\AutoAssessment\codelyzer\vera\examples\mergesort.c:394: Bad line indentation, expected to start with 0 tab(s).
C:\Work\AutoAssessment\codelyzer\vera\examples\mergesort.c:395: Closing curly bracket not in the same line or column, or brackets are not both indented with tabs.
C:\Work\AutoAssessment\codelyzer\vera\examples\mergesort.c:395: Bad line indentation, expected to start with 0 tab(s).
C:\Work\AutoAssessment\codelyzer\vera\examples\mergesort.c:396: Closing curly bracket not in the same line or column, or brackets are not both indented with tabs.
C:\Work\AutoAssessment\codelyzer\vera\examples\mergesort.c:396: Bad line indentation, expected to start with 0 tab(s).
C:\Work\AutoAssessment\codelyzer\vera\examples\mergesort.c:403: Bad line indentation, expected to start with 1 tab(s).
C:\Work\AutoAssessment\codelyzer\vera\examples\mergesort.c:403: Bad line indentation, expected to start with 0 tab(s).
C:\Work\AutoAssessment\codelyzer\vera\examples\mergesort.c:404: Bad line indentation, expected to start with 1 tab(s).
C:\Work\AutoAssessment\codelyzer\vera\examples\mergesort.c:404: Bad line indentation, expected to start with 0 tab(s).
C:\Work\AutoAssessment\codelyzer\vera\examples\mergesort.c:405: Bad line indentation, expected to start with 1 tab(s).
C:\Work\AutoAssessment\codelyzer\vera\examples\mergesort.c:405: Bad line indentation, expected to start with 0 tab(s).
C:\Work\AutoAssessment\codelyzer\vera\examples\mergesort.c:406: Pointer's '*' does not have a single whitespace before identifier, 'char* pl' instead of 'char *pl'.
C:\Work\AutoAssessment\codelyzer\vera\examples\mergesort.c:406: Pointer's '*' not next to the pointer's type 'char* pl' instead of 'char *pl'.
C:\Work\AutoAssessment\codelyzer\vera\examples\mergesort.c:406: Bad line indentation, expected to start with 1 tab(s).
C:\Work\AutoAssessment\codelyzer\vera\examples\mergesort.c:406: Bad line indentation, expected to start with 0 tab(s).
C:\Work\AutoAssessment\codelyzer\vera\examples\mergesort.c:407: Pointer's '*' does not have a single whitespace before identifier, 'char* pr' instead of 'char *pr'.
C:\Work\AutoAssessment\codelyzer\vera\examples\mergesort.c:407: Pointer's '*' not next to the pointer's type 'char* pr' instead of 'char *pr'.
C:\Work\AutoAssessment\codelyzer\vera\examples\mergesort.c:407: Bad line indentation, expected to start with 1 tab(s).
C:\Work\AutoAssessment\codelyzer\vera\examples\mergesort.c:407: Bad line indentation, expected to start with 0 tab(s).
C:\Work\AutoAssessment\codelyzer\vera\examples\mergesort.c:408: Malloc lacks a pointer cast.
C:\Work\AutoAssessment\codelyzer\vera\examples\mergesort.c:408: Pointer's '*' does not have a single whitespace before identifier, 'char* pw' instead of 'char *pw'.
C:\Work\AutoAssessment\codelyzer\vera\examples\mergesort.c:408: Pointer's '*' not next to the pointer's type 'char* pw' instead of 'char *pw'.
C:\Work\AutoAssessment\codelyzer\vera\examples\mergesort.c:408: Bad line indentation, expected to start with 1 tab(s).
C:\Work\AutoAssessment\codelyzer\vera\examples\mergesort.c:408: Bad line indentation, expected to start with 0 tab(s).
C:\Work\AutoAssessment\codelyzer\vera\examples\mergesort.c:409: Malloc lacks a pointer cast.
C:\Work\AutoAssessment\codelyzer\vera\examples\mergesort.c:409: Pointer's '*' does not have a single whitespace before identifier, 'char* vp' instead of 'char *vp'.
C:\Work\AutoAssessment\codelyzer\vera\examples\mergesort.c:409: Pointer's '*' not next to the pointer's type 'char* vp' instead of 'char *vp'.
C:\Work\AutoAssessment\codelyzer\vera\examples\mergesort.c:409: Bad line indentation, expected to start with 1 tab(s).
C:\Work\AutoAssessment\codelyzer\vera\examples\mergesort.c:409: Bad line indentation, expected to start with 0 tab(s).
C:\Work\AutoAssessment\codelyzer\vera\examples\mergesort.c:410: Bad line indentation, expected to start with 1 tab(s).
C:\Work\AutoAssessment\codelyzer\vera\examples\mergesort.c:410: Bad line indentation, expected to start with 0 tab(s).
C:\Work\AutoAssessment\codelyzer\vera\examples\mergesort.c:412: Curly bracket tab indentation incorrect, found 34 characters but expected 1 tabs.
C:\Work\AutoAssessment\codelyzer\vera\examples\mergesort.c:412: Bad line indentation, expected to start with 0 tab(s).
C:\Work\AutoAssessment\codelyzer\vera\examples\mergesort.c:413: Bad line indentation, expected to start with 2 tab(s).
C:\Work\AutoAssessment\codelyzer\vera\examples\mergesort.c:413: Bad line indentation, expected to start with 0 tab(s).
C:\Work\AutoAssessment\codelyzer\vera\examples\mergesort.c:414: Bad line indentation, expected to start with 2 tab(s).
C:\Work\AutoAssessment\codelyzer\vera\examples\mergesort.c:414: Bad line indentation, expected to start with 0 tab(s).
C:\Work\AutoAssessment\codelyzer\vera\examples\mergesort.c:415: Closing curly bracket not in the same line or column, or brackets are not both indented with tabs.
C:\Work\AutoAssessment\codelyzer\vera\examples\mergesort.c:415: Bad line indentation, expected to start with 0 tab(s).
C:\Work\AutoAssessment\codelyzer\vera\examples\mergesort.c:417: Bad line indentation, expected to start with 1 tab(s).
C:\Work\AutoAssessment\codelyzer\vera\examples\mergesort.c:417: Bad line indentation, expected to start with 0 tab(s).
C:\Work\AutoAssessment\codelyzer\vera\examples\mergesort.c:418: Bad line indentation, expected to start with 1 tab(s).
C:\Work\AutoAssessment\codelyzer\vera\examples\mergesort.c:418: Bad line indentation, expected to start with 0 tab(s).
C:\Work\AutoAssessment\codelyzer\vera\examples\mergesort.c:420: Bad line indentation, expected to start with 1 tab(s).
C:\Work\AutoAssessment\codelyzer\vera\examples\mergesort.c:420: Bad line indentation, expected to start with 0 tab(s).
C:\Work\AutoAssessment\codelyzer\vera\examples\mergesort.c:428: Uninitialized identifier 'vp' of type char*.
C:\Work\AutoAssessment\codelyzer\vera\examples\mergesort.c:428: Pointer's '*' does not have a single whitespace before identifier, 'char* vp' instead of 'char *vp'.
C:\Work\AutoAssessment\codelyzer\vera\examples\mergesort.c:428: Pointer's '*' not next to the pointer's type 'char* vp' instead of 'char *vp'.
C:\Work\AutoAssessment\codelyzer\vera\examples\mergesort.c:428: Bad line indentation, expected to start with 1 tab(s).
C:\Work\AutoAssessment\codelyzer\vera\examples\mergesort.c:428: Bad line indentation, expected to start with 0 tab(s).
C:\Work\AutoAssessment\codelyzer\vera\examples\mergesort.c:429: Uninitialized identifier 'pm' of type npy_intp*.
C:\Work\AutoAssessment\codelyzer\vera\examples\mergesort.c:429: Pointer's '*' does not have a single whitespace before identifier, 'npy_intp ,* pm' instead of 'npy_intp , *pm'.
C:\Work\AutoAssessment\codelyzer\vera\examples\mergesort.c:429: Pointer's '*' not next to the pointer's type 'npy_intp ,* pm' instead of 'npy_intp , *pm'.
C:\Work\AutoAssessment\codelyzer\vera\examples\mergesort.c:429: Uninitialized identifier 'pk' of type npy_intp*.
C:\Work\AutoAssessment\codelyzer\vera\examples\mergesort.c:429: Pointer's '*' does not have a single whitespace before identifier, 'npy_intp ,* pk' instead of 'npy_intp , *pk'.
C:\Work\AutoAssessment\codelyzer\vera\examples\mergesort.c:429: Pointer's '*' not next to the pointer's type 'npy_intp ,* pk' instead of 'npy_intp , *pk'.
C:\Work\AutoAssessment\codelyzer\vera\examples\mergesort.c:429: Uninitialized identifier 'pj' of type npy_intp*.
C:\Work\AutoAssessment\codelyzer\vera\examples\mergesort.c:429: Pointer's '*' does not have a single whitespace before identifier, 'npy_intp ,* pj' instead of 'npy_intp , *pj'.
C:\Work\AutoAssessment\codelyzer\vera\examples\mergesort.c:429: Pointer's '*' not next to the pointer's type 'npy_intp ,* pj' instead of 'npy_intp , *pj'.
C:\Work\AutoAssessment\codelyzer\vera\examples\mergesort.c:429: Uninitialized identifier 'pi' of type npy_intp*.
C:\Work\AutoAssessment\codelyzer\vera\examples\mergesort.c:429: Pointer's '*' does not have a single whitespace before identifier, 'npy_intp ,* pi' instead of 'npy_intp , *pi'.
C:\Work\AutoAssessment\codelyzer\vera\examples\mergesort.c:429: Pointer's '*' not next to the pointer's type 'npy_intp ,* pi' instead of 'npy_intp , *pi'.
C:\Work\AutoAssessment\codelyzer\vera\examples\mergesort.c:429: Uninitialized identifier 'vi' of type npy_intp.
C:\Work\AutoAssessment\codelyzer\vera\examples\mergesort.c:429: Bad line indentation, expected to start with 1 tab(s).
C:\Work\AutoAssessment\codelyzer\vera\examples\mergesort.c:429: Bad line indentation, expected to start with 0 tab(s).
C:\Work\AutoAssessment\codelyzer\vera\examples\mergesort.c:431: Curly bracket tab indentation incorrect, found 35 characters but expected 1 tabs.
C:\Work\AutoAssessment\codelyzer\vera\examples\mergesort.c:431: Bad line indentation, expected to start with 0 tab(s).
C:\Work\AutoAssessment\codelyzer\vera\examples\mergesort.c:433: Bad line indentation, expected to start with 2 tab(s).
C:\Work\AutoAssessment\codelyzer\vera\examples\mergesort.c:433: Bad line indentation, expected to start with 0 tab(s).
C:\Work\AutoAssessment\codelyzer\vera\examples\mergesort.c:434: Bad line indentation, expected to start with 2 tab(s).
C:\Work\AutoAssessment\codelyzer\vera\examples\mergesort.c:434: Bad line indentation, expected to start with 0 tab(s).
C:\Work\AutoAssessment\codelyzer\vera\examples\mergesort.c:435: Bad line indentation, expected to start with 2 tab(s).
C:\Work\AutoAssessment\codelyzer\vera\examples\mergesort.c:435: Bad line indentation, expected to start with 0 tab(s).
C:\Work\AutoAssessment\codelyzer\vera\examples\mergesort.c:436: For loops must have all three loop arguments present.
C:\Work\AutoAssessment\codelyzer\vera\examples\mergesort.c:436: Curly bracket tab indentation incorrect, found 41 characters but expected 2 tabs.
C:\Work\AutoAssessment\codelyzer\vera\examples\mergesort.c:436: Bad line indentation, expected to start with 0 tab(s).
C:\Work\AutoAssessment\codelyzer\vera\examples\mergesort.c:437: Bad line indentation, expected to start with 3 tab(s).
C:\Work\AutoAssessment\codelyzer\vera\examples\mergesort.c:437: Bad line indentation, expected to start with 0 tab(s).
C:\Work\AutoAssessment\codelyzer\vera\examples\mergesort.c:438: Closing curly bracket not in the same line or column, or brackets are not both indented with tabs.
C:\Work\AutoAssessment\codelyzer\vera\examples\mergesort.c:438: Bad line indentation, expected to start with 0 tab(s).
C:\Work\AutoAssessment\codelyzer\vera\examples\mergesort.c:439: Bad line indentation, expected to start with 0 tab(s).
C:\Work\AutoAssessment\codelyzer\vera\examples\mergesort.c:440: Bad line indentation, expected to start with 0 tab(s).
C:\Work\AutoAssessment\codelyzer\vera\examples\mergesort.c:441: Bad line indentation, expected to start with 0 tab(s).
C:\Work\AutoAssessment\codelyzer\vera\examples\mergesort.c:442: Curly bracket tab indentation incorrect, found 35 characters but expected 2 tabs.
C:\Work\AutoAssessment\codelyzer\vera\examples\mergesort.c:442: Bad line indentation, expected to start with 0 tab(s).
C:\Work\AutoAssessment\codelyzer\vera\examples\mergesort.c:443: Curly bracket tab indentation incorrect, found 66 characters but expected 3 tabs.
C:\Work\AutoAssessment\codelyzer\vera\examples\mergesort.c:443: Bad line indentation, expected to start with 2 tab(s).
C:\Work\AutoAssessment\codelyzer\vera\examples\mergesort.c:443: Bad line indentation, expected to start with 0 tab(s).
C:\Work\AutoAssessment\codelyzer\vera\examples\mergesort.c:444: Bad line indentation, expected to start with 4 tab(s).
C:\Work\AutoAssessment\codelyzer\vera\examples\mergesort.c:444: Bad line indentation, expected to start with 2 tab(s).
C:\Work\AutoAssessment\codelyzer\vera\examples\mergesort.c:444: Bad line indentation, expected to start with 0 tab(s).
C:\Work\AutoAssessment\codelyzer\vera\examples\mergesort.c:445: Closing curly bracket not in the same line or column, or brackets are not both indented with tabs.
C:\Work\AutoAssessment\codelyzer\vera\examples\mergesort.c:445: Bad line indentation, expected to start with 2 tab(s).
C:\Work\AutoAssessment\codelyzer\vera\examples\mergesort.c:445: Bad line indentation, expected to start with 0 tab(s).
C:\Work\AutoAssessment\codelyzer\vera\examples\mergesort.c:446: Curly bracket tab indentation incorrect, found 17 characters but expected 3 tabs.
C:\Work\AutoAssessment\codelyzer\vera\examples\mergesort.c:446: Bad line indentation, expected to start with 2 tab(s).
C:\Work\AutoAssessment\codelyzer\vera\examples\mergesort.c:446: Bad line indentation, expected to start with 0 tab(s).
C:\Work\AutoAssessment\codelyzer\vera\examples\mergesort.c:447: Bad line indentation, expected to start with 4 tab(s).
C:\Work\AutoAssessment\codelyzer\vera\examples\mergesort.c:447: Bad line indentation, expected to start with 2 tab(s).
C:\Work\AutoAssessment\codelyzer\vera\examples\mergesort.c:447: Bad line indentation, expected to start with 0 tab(s).
C:\Work\AutoAssessment\codelyzer\vera\examples\mergesort.c:448: Closing curly bracket not in the same line or column, or brackets are not both indented with tabs.
C:\Work\AutoAssessment\codelyzer\vera\examples\mergesort.c:448: Bad line indentation, expected to start with 2 tab(s).
C:\Work\AutoAssessment\codelyzer\vera\examples\mergesort.c:448: Bad line indentation, expected to start with 0 tab(s).
C:\Work\AutoAssessment\codelyzer\vera\examples\mergesort.c:449: Closing curly bracket not in the same line or column, or brackets are not both indented with tabs.
C:\Work\AutoAssessment\codelyzer\vera\examples\mergesort.c:449: Bad line indentation, expected to start with 0 tab(s).
C:\Work\AutoAssessment\codelyzer\vera\examples\mergesort.c:450: Curly bracket tab indentation incorrect, found 24 characters but expected 2 tabs.
C:\Work\AutoAssessment\codelyzer\vera\examples\mergesort.c:450: Bad line indentation, expected to start with 0 tab(s).
C:\Work\AutoAssessment\codelyzer\vera\examples\mergesort.c:451: Bad line indentation, expected to start with 3 tab(s).
C:\Work\AutoAssessment\codelyzer\vera\examples\mergesort.c:451: Bad line indentation, expected to start with 0 tab(s).
C:\Work\AutoAssessment\codelyzer\vera\examples\mergesort.c:452: Closing curly bracket not in the same line or column, or brackets are not both indented with tabs.
C:\Work\AutoAssessment\codelyzer\vera\examples\mergesort.c:452: Bad line indentation, expected to start with 0 tab(s).
C:\Work\AutoAssessment\codelyzer\vera\examples\mergesort.c:453: Closing curly bracket not in the same line or column, or brackets are not both indented with tabs.
C:\Work\AutoAssessment\codelyzer\vera\examples\mergesort.c:453: Bad line indentation, expected to start with 0 tab(s).
C:\Work\AutoAssessment\codelyzer\vera\examples\mergesort.c:454: Curly bracket tab indentation incorrect, found 9 characters but expected 1 tabs.
C:\Work\AutoAssessment\codelyzer\vera\examples\mergesort.c:454: Bad line indentation, expected to start with 0 tab(s).
C:\Work\AutoAssessment\codelyzer\vera\examples\mergesort.c:456: Curly bracket tab indentation incorrect, found 41 characters but expected 2 tabs.
C:\Work\AutoAssessment\codelyzer\vera\examples\mergesort.c:456: Bad line indentation, expected to start with 0 tab(s).
C:\Work\AutoAssessment\codelyzer\vera\examples\mergesort.c:457: Bad line indentation, expected to start with 3 tab(s).
C:\Work\AutoAssessment\codelyzer\vera\examples\mergesort.c:457: Bad line indentation, expected to start with 0 tab(s).
C:\Work\AutoAssessment\codelyzer\vera\examples\mergesort.c:458: Bad line indentation, expected to start with 3 tab(s).
C:\Work\AutoAssessment\codelyzer\vera\examples\mergesort.c:458: Bad line indentation, expected to start with 0 tab(s).
C:\Work\AutoAssessment\codelyzer\vera\examples\mergesort.c:459: Bad line indentation, expected to start with 3 tab(s).
C:\Work\AutoAssessment\codelyzer\vera\examples\mergesort.c:459: Bad line indentation, expected to start with 0 tab(s).
C:\Work\AutoAssessment\codelyzer\vera\examples\mergesort.c:460: Bad line indentation, expected to start with 3 tab(s).
C:\Work\AutoAssessment\codelyzer\vera\examples\mergesort.c:460: Bad line indentation, expected to start with 0 tab(s).
C:\Work\AutoAssessment\codelyzer\vera\examples\mergesort.c:461: Curly bracket tab indentation incorrect, found 66 characters but expected 3 tabs.
C:\Work\AutoAssessment\codelyzer\vera\examples\mergesort.c:461: Bad line indentation, expected to start with 0 tab(s).
C:\Work\AutoAssessment\codelyzer\vera\examples\mergesort.c:462: Bad line indentation, expected to start with 4 tab(s).
C:\Work\AutoAssessment\codelyzer\vera\examples\mergesort.c:462: Bad line indentation, expected to start with 0 tab(s).
C:\Work\AutoAssessment\codelyzer\vera\examples\mergesort.c:463: Closing curly bracket not in the same line or column, or brackets are not both indented with tabs.
C:\Work\AutoAssessment\codelyzer\vera\examples\mergesort.c:463: Bad line indentation, expected to start with 0 tab(s).
C:\Work\AutoAssessment\codelyzer\vera\examples\mergesort.c:464: Bad line indentation, expected to start with 3 tab(s).
C:\Work\AutoAssessment\codelyzer\vera\examples\mergesort.c:464: Bad line indentation, expected to start with 0 tab(s).
C:\Work\AutoAssessment\codelyzer\vera\examples\mergesort.c:465: Closing curly bracket not in the same line or column, or brackets are not both indented with tabs.
C:\Work\AutoAssessment\codelyzer\vera\examples\mergesort.c:465: Bad line indentation, expected to start with 0 tab(s).
C:\Work\AutoAssessment\codelyzer\vera\examples\mergesort.c:466: Closing curly bracket not in the same line or column, or brackets are not both indented with tabs.
C:\Work\AutoAssessment\codelyzer\vera\examples\mergesort.c:466: Bad line indentation, expected to start with 0 tab(s).
C:\Work\AutoAssessment\codelyzer\vera\examples\mergesort.c:473: Bad line indentation, expected to start with 1 tab(s).
C:\Work\AutoAssessment\codelyzer\vera\examples\mergesort.c:474: Bad line indentation, expected to start with 1 tab(s).
C:\Work\AutoAssessment\codelyzer\vera\examples\mergesort.c:475: Bad line indentation, expected to start with 1 tab(s).
C:\Work\AutoAssessment\codelyzer\vera\examples\mergesort.c:476: Uninitialized identifier 'pw' of type npy_intp*.
C:\Work\AutoAssessment\codelyzer\vera\examples\mergesort.c:476: Pointer's '*' does not have a single whitespace before identifier, 'npy_intp ,* pw' instead of 'npy_intp , *pw'.
C:\Work\AutoAssessment\codelyzer\vera\examples\mergesort.c:476: Pointer's '*' not next to the pointer's type 'npy_intp ,* pw' instead of 'npy_intp , *pw'.
C:\Work\AutoAssessment\codelyzer\vera\examples\mergesort.c:476: Uninitialized identifier 'pr' of type npy_intp*.
C:\Work\AutoAssessment\codelyzer\vera\examples\mergesort.c:476: Pointer's '*' does not have a single whitespace before identifier, 'npy_intp ,* pr' instead of 'npy_intp , *pr'.
C:\Work\AutoAssessment\codelyzer\vera\examples\mergesort.c:476: Pointer's '*' not next to the pointer's type 'npy_intp ,* pr' instead of 'npy_intp , *pr'.
C:\Work\AutoAssessment\codelyzer\vera\examples\mergesort.c:476: Uninitialized identifier 'pl' of type npy_intp.
C:\Work\AutoAssessment\codelyzer\vera\examples\mergesort.c:476: Bad line indentation, expected to start with 1 tab(s).
C:\Work\AutoAssessment\codelyzer\vera\examples\mergesort.c:478: Bad line indentation, expected to start with 1 tab(s).
C:\Work\AutoAssessment\codelyzer\vera\examples\mergesort.c:479: Bad line indentation, expected to start with 1 tab(s).
C:\Work\AutoAssessment\codelyzer\vera\examples\mergesort.c:480: Malloc lacks a pointer cast.
C:\Work\AutoAssessment\codelyzer\vera\examples\mergesort.c:480: Bad line indentation, expected to start with 1 tab(s).
C:\Work\AutoAssessment\codelyzer\vera\examples\mergesort.c:481: Curly bracket tab indentation incorrect, found 20 characters but expected 1 tabs.
C:\Work\AutoAssessment\codelyzer\vera\examples\mergesort.c:482: Bad line indentation, expected to start with 2 tab(s).
C:\Work\AutoAssessment\codelyzer\vera\examples\mergesort.c:483: Closing curly bracket not in the same line or column, or brackets are not both indented with tabs.
C:\Work\AutoAssessment\codelyzer\vera\examples\mergesort.c:484: Bad line indentation, expected to start with 1 tab(s).
C:\Work\AutoAssessment\codelyzer\vera\examples\mergesort.c:485: Bad line indentation, expected to start with 1 tab(s).
C:\Work\AutoAssessment\codelyzer\vera\examples\mergesort.c:487: Only one 'return' token should be used in a function. Found another in line:482
C:\Work\AutoAssessment\codelyzer\vera\examples\mergesort.c:487: Bad line indentation, expected to start with 1 tab(s).
